[1;32mDEBUG [0m]: Welcome to hyprpaper!
built from commit  ()
[1;32mDEBUG [0m]: Starting the Wayland platform
[1;32mDEBUG [0m]: Connected to a wayland compositor: Hyprland
[1;32mDEBUG [0m]: Got registry at 0x55ecf56ef260
[1;32mDEBUG [0m]: zwp_linux_dmabuf_v1: Got format AB24 with modifier BLOCK_LINEAR_2D,HEIGHT=0,KIND=6,GEN=2,SECTOR=1,COMPRESSION=0
[1;32mDEBUG [0m]: zwp_linux_dmabuf_v1: Got format AB24 with modifier BLOCK_LINEAR_2D,HEIGHT=1,KIND=6,GEN=2,SECTOR=1,COMPRESSION=0
[1;32mDEBUG [0m]: zwp_linux_dmabuf_v1: Got format AB24 with modifier BLOCK_LINEAR_2D,HEIGHT=2,KIND=6,GEN=2,SECTOR=1,COMPRESSION=0
[1;32mDEBUG [0m]: zwp_linux_dmabuf_v1: Got format AB24 with modifier BLOCK_LINEAR_2D,HEIGHT=3,KIND=6,GEN=2,SECTOR=1,COMPRESSION=0
[1;32mDEBUG [0m]: zwp_linux_dmabuf_v1: Got format AB24 with modifier BLOCK_LINEAR_2D,HEIGHT=4,KIND=6,GEN=2,SECTOR=1,COMPRESSION=0
[1;32mDEBUG [0m]: zwp_linux_dmabuf_v1: Got format AB24 with modifier BLOCK_LINEAR_2D,HEIGHT=5,KIND=6,GEN=2,SECTOR=1,COMPRESSION=0
[1;32mDEBUG [0m]: zwp_linux_dmabuf_v1: Got format AB24 with modifier BLOCK_LINEAR_2D,HEIGHT=0,KIND=8,GEN=2,SECTOR=1,COMPRESSION=1
[1;32mDEBUG [0m]: zwp_linux_dmabuf_v1: Got format AB24 with modifier BLOCK_LINEAR_2D,HEIGHT=1,KIND=8,GEN=2,SECTOR=1,COMPRESSION=1
[1;32mDEBUG [0m]: zwp_linux_dmabuf_v1: Got format AB24 with modifier BLOCK_LINEAR_2D,HEIGHT=2,KIND=8,GEN=2,SECTOR=1,COMPRESSION=1
[1;32mDEBUG [0m]: zwp_linux_dmabuf_v1: Got format AB24 with modifier BLOCK_LINEAR_2D,HEIGHT=3,KIND=8,GEN=2,SECTOR=1,COMPRESSION=1
[1;32mDEBUG [0m]: zwp_linux_dmabuf_v1: Got format AB24 with modifier BLOCK_LINEAR_2D,HEIGHT=4,KIND=8,GEN=2,SECTOR=1,COMPRESSION=1
[1;32mDEBUG [0m]: zwp_linux_dmabuf_v1: Got format AB24 with modifier BLOCK_LINEAR_2D,HEIGHT=5,KIND=8,GEN=2,SECTOR=1,COMPRESSION=1
[1;32mDEBUG [0m]: zwp_linux_dmabuf_v1: Got format AB24 with modifier INVALID
[1;32mDEBUG [0m]: zwp_linux_dmabuf_v1: Got format XB24 with modifier BLOCK_LINEAR_2D,HEIGHT=0,KIND=6,GEN=2,SECTOR=1,COMPRESSION=0
[1;32mDEBUG [0m]: zwp_linux_dmabuf_v1: Got format XB24 with modifier BLOCK_LINEAR_2D,HEIGHT=1,KIND=6,GEN=2,SECTOR=1,COMPRESSION=0
[1;32mDEBUG [0m]: zwp_linux_dmabuf_v1: Got format XB24 with modifier BLOCK_LINEAR_2D,HEIGHT=2,KIND=6,GEN=2,SECTOR=1,COMPRESSION=0
[1;32mDEBUG [0m]: zwp_linux_dmabuf_v1: Got format XB24 with modifier BLOCK_LINEAR_2D,HEIGHT=3,KIND=6,GEN=2,SECTOR=1,COMPRESSION=0
[1;32mDEBUG [0m]: zwp_linux_dmabuf_v1: Got format XB24 with modifier BLOCK_LINEAR_2D,HEIGHT=4,KIND=6,GEN=2,SECTOR=1,COMPRESSION=0
[1;32mDEBUG [0m]: zwp_linux_dmabuf_v1: Got format XB24 with modifier BLOCK_LINEAR_2D,HEIGHT=5,KIND=6,GEN=2,SECTOR=1,COMPRESSION=0
[1;32mDEBUG [0m]: zwp_linux_dmabuf_v1: Got format XB24 with modifier BLOCK_LINEAR_2D,HEIGHT=0,KIND=8,GEN=2,SECTOR=1,COMPRESSION=1
[1;32mDEBUG [0m]: zwp_linux_dmabuf_v1: Got format XB24 with modifier BLOCK_LINEAR_2D,HEIGHT=1,KIND=8,GEN=2,SECTOR=1,COMPRESSION=1
[1;32mDEBUG [0m]: zwp_linux_dmabuf_v1: Got format XB24 with modifier BLOCK_LINEAR_2D,HEIGHT=2,KIND=8,GEN=2,SECTOR=1,COMPRESSION=1
[1;32mDEBUG [0m]: zwp_linux_dmabuf_v1: Got format XB24 with modifier BLOCK_LINEAR_2D,HEIGHT=3,KIND=8,GEN=2,SECTOR=1,COMPRESSION=1
[1;32mDEBUG [0m]: zwp_linux_dmabuf_v1: Got format XB24 with modifier BLOCK_LINEAR_2D,HEIGHT=4,KIND=8,GEN=2,SECTOR=1,COMPRESSION=1
[1;32mDEBUG [0m]: zwp_linux_dmabuf_v1: Got format XB24 with modifier BLOCK_LINEAR_2D,HEIGHT=5,KIND=8,GEN=2,SECTOR=1,COMPRESSION=1
[1;32mDEBUG [0m]: zwp_linux_dmabuf_v1: Got format XB24 with modifier INVALID
[1;32mDEBUG [0m]: zwp_linux_dmabuf_v1: Got format R8 with modifier BLOCK_LINEAR_2D,HEIGHT=0,KIND=6,GEN=2,SECTOR=1,COMPRESSION=0
[1;32mDEBUG [0m]: zwp_linux_dmabuf_v1: Got format R8 with modifier BLOCK_LINEAR_2D,HEIGHT=1,KIND=6,GEN=2,SECTOR=1,COMPRESSION=0
[1;32mDEBUG [0m]: zwp_linux_dmabuf_v1: Got format R8 with modifier BLOCK_LINEAR_2D,HEIGHT=2,KIND=6,GEN=2,SECTOR=1,COMPRESSION=0
[1;32mDEBUG [0m]: zwp_linux_dmabuf_v1: Got format R8 with modifier BLOCK_LINEAR_2D,HEIGHT=3,KIND=6,GEN=2,SECTOR=1,COMPRESSION=0
[1;32mDEBUG [0m]: zwp_linux_dmabuf_v1: Got format R8 with modifier BLOCK_LINEAR_2D,HEIGHT=4,KIND=6,GEN=2,SECTOR=1,COMPRESSION=0
[1;32mDEBUG [0m]: zwp_linux_dmabuf_v1: Got format R8 with modifier BLOCK_LINEAR_2D,HEIGHT=5,KIND=6,GEN=2,SECTOR=1,COMPRESSION=0
[1;32mDEBUG [0m]: zwp_linux_dmabuf_v1: Got format R8 with modifier BLOCK_LINEAR_2D,HEIGHT=0,KIND=8,GEN=2,SECTOR=1,COMPRESSION=1
[1;32mDEBUG [0m]: zwp_linux_dmabuf_v1: Got format R8 with modifier BLOCK_LINEAR_2D,HEIGHT=1,KIND=8,GEN=2,SECTOR=1,COMPRESSION=1
[1;32mDEBUG [0m]: zwp_linux_dmabuf_v1: Got format R8 with modifier BLOCK_LINEAR_2D,HEIGHT=2,KIND=8,GEN=2,SECTOR=1,COMPRESSION=1
[1;32mDEBUG [0m]: zwp_linux_dmabuf_v1: Got format R8 with modifier BLOCK_LINEAR_2D,HEIGHT=3,KIND=8,GEN=2,SECTOR=1,COMPRESSION=1
[1;32mDEBUG [0m]: zwp_linux_dmabuf_v1: Got format R8 with modifier BLOCK_LINEAR_2D,HEIGHT=4,KIND=8,GEN=2,SECTOR=1,COMPRESSION=1
[1;32mDEBUG [0m]: zwp_linux_dmabuf_v1: Got format R8 with modifier BLOCK_LINEAR_2D,HEIGHT=5,KIND=8,GEN=2,SECTOR=1,COMPRESSION=1
[1;32mDEBUG [0m]: zwp_linux_dmabuf_v1: Got format R8 with modifier INVALID
[1;32mDEBUG [0m]: zwp_linux_dmabuf_v1: Got format RG88 with modifier BLOCK_LINEAR_2D,HEIGHT=0,KIND=6,GEN=2,SECTOR=1,COMPRESSION=0
[1;32mDEBUG [0m]: zwp_linux_dmabuf_v1: Got format RG88 with modifier BLOCK_LINEAR_2D,HEIGHT=1,KIND=6,GEN=2,SECTOR=1,COMPRESSION=0
[1;32mDEBUG [0m]: zwp_linux_dmabuf_v1: Got format RG88 with modifier BLOCK_LINEAR_2D,HEIGHT=2,KIND=6,GEN=2,SECTOR=1,COMPRESSION=0
[1;32mDEBUG [0m]: zwp_linux_dmabuf_v1: Got format RG88 with modifier BLOCK_LINEAR_2D,HEIGHT=3,KIND=6,GEN=2,SECTOR=1,COMPRESSION=0
[1;32mDEBUG [0m]: zwp_linux_dmabuf_v1: Got format RG88 with modifier BLOCK_LINEAR_2D,HEIGHT=4,KIND=6,GEN=2,SECTOR=1,COMPRESSION=0
[1;32mDEBUG [0m]: zwp_linux_dmabuf_v1: Got format RG88 with modifier BLOCK_LINEAR_2D,HEIGHT=5,KIND=6,GEN=2,SECTOR=1,COMPRESSION=0
[1;32mDEBUG [0m]: zwp_linux_dmabuf_v1: Got format RG88 with modifier BLOCK_LINEAR_2D,HEIGHT=0,KIND=8,GEN=2,SECTOR=1,COMPRESSION=1
[1;32mDEBUG [0m]: zwp_linux_dmabuf_v1: Got format RG88 with modifier BLOCK_LINEAR_2D,HEIGHT=1,KIND=8,GEN=2,SECTOR=1,COMPRESSION=1
[1;32mDEBUG [0m]: zwp_linux_dmabuf_v1: Got format RG88 with modifier BLOCK_LINEAR_2D,HEIGHT=2,KIND=8,GEN=2,SECTOR=1,COMPRESSION=1
[1;32mDEBUG [0m]: zwp_linux_dmabuf_v1: Got format RG88 with modifier BLOCK_LINEAR_2D,HEIGHT=3,KIND=8,GEN=2,SECTOR=1,COMPRESSION=1
[1;32mDEBUG [0m]: zwp_linux_dmabuf_v1: Got format RG88 with modifier BLOCK_LINEAR_2D,HEIGHT=4,KIND=8,GEN=2,SECTOR=1,COMPRESSION=1
[1;32mDEBUG [0m]: zwp_linux_dmabuf_v1: Got format RG88 with modifier BLOCK_LINEAR_2D,HEIGHT=5,KIND=8,GEN=2,SECTOR=1,COMPRESSION=1
[1;32mDEBUG [0m]: zwp_linux_dmabuf_v1: Got format RG88 with modifier INVALID
[1;32mDEBUG [0m]: zwp_linux_dmabuf_v1: Got format R16 with modifier BLOCK_LINEAR_2D,HEIGHT=0,KIND=6,GEN=2,SECTOR=1,COMPRESSION=0
[1;32mDEBUG [0m]: zwp_linux_dmabuf_v1: Got format R16 with modifier BLOCK_LINEAR_2D,HEIGHT=1,KIND=6,GEN=2,SECTOR=1,COMPRESSION=0
[1;32mDEBUG [0m]: zwp_linux_dmabuf_v1: Got format R16 with modifier BLOCK_LINEAR_2D,HEIGHT=2,KIND=6,GEN=2,SECTOR=1,COMPRESSION=0
[1;32mDEBUG [0m]: zwp_linux_dmabuf_v1: Got format R16 with modifier BLOCK_LINEAR_2D,HEIGHT=3,KIND=6,GEN=2,SECTOR=1,COMPRESSION=0
[1;32mDEBUG [0m]: zwp_linux_dmabuf_v1: Got format R16 with modifier BLOCK_LINEAR_2D,HEIGHT=4,KIND=6,GEN=2,SECTOR=1,COMPRESSION=0
[1;32mDEBUG [0m]: zwp_linux_dmabuf_v1: Got format R16 with modifier BLOCK_LINEAR_2D,HEIGHT=5,KIND=6,GEN=2,SECTOR=1,COMPRESSION=0
[1;32mDEBUG [0m]: zwp_linux_dmabuf_v1: Got format R16 with modifier BLOCK_LINEAR_2D,HEIGHT=0,KIND=8,GEN=2,SECTOR=1,COMPRESSION=1
[1;32mDEBUG [0m]: zwp_linux_dmabuf_v1: Got format R16 with modifier BLOCK_LINEAR_2D,HEIGHT=1,KIND=8,GEN=2,SECTOR=1,COMPRESSION=1
[1;32mDEBUG [0m]: zwp_linux_dmabuf_v1: Got format R16 with modifier BLOCK_LINEAR_2D,HEIGHT=2,KIND=8,GEN=2,SECTOR=1,COMPRESSION=1
[1;32mDEBUG [0m]: zwp_linux_dmabuf_v1: Got format R16 with modifier BLOCK_LINEAR_2D,HEIGHT=3,KIND=8,GEN=2,SECTOR=1,COMPRESSION=1
[1;32mDEBUG [0m]: zwp_linux_dmabuf_v1: Got format R16 with modifier BLOCK_LINEAR_2D,HEIGHT=4,KIND=8,GEN=2,SECTOR=1,COMPRESSION=1
[1;32mDEBUG [0m]: zwp_linux_dmabuf_v1: Got format R16 with modifier BLOCK_LINEAR_2D,HEIGHT=5,KIND=8,GEN=2,SECTOR=1,COMPRESSION=1
[1;32mDEBUG [0m]: zwp_linux_dmabuf_v1: Got format R16 with modifier INVALID
[1;32mDEBUG [0m]: zwp_linux_dmabuf_v1: Got format RG32 with modifier BLOCK_LINEAR_2D,HEIGHT=0,KIND=6,GEN=2,SECTOR=1,COMPRESSION=0
[1;32mDEBUG [0m]: zwp_linux_dmabuf_v1: Got format RG32 with modifier BLOCK_LINEAR_2D,HEIGHT=1,KIND=6,GEN=2,SECTOR=1,COMPRESSION=0
[1;32mDEBUG [0m]: zwp_linux_dmabuf_v1: Got format RG32 with modifier BLOCK_LINEAR_2D,HEIGHT=2,KIND=6,GEN=2,SECTOR=1,COMPRESSION=0
[1;32mDEBUG [0m]: zwp_linux_dmabuf_v1: Got format RG32 with modifier BLOCK_LINEAR_2D,HEIGHT=3,KIND=6,GEN=2,SECTOR=1,COMPRESSION=0
[1;32mDEBUG [0m]: zwp_linux_dmabuf_v1: Got format RG32 with modifier BLOCK_LINEAR_2D,HEIGHT=4,KIND=6,GEN=2,SECTOR=1,COMPRESSION=0
[1;32mDEBUG [0m]: zwp_linux_dmabuf_v1: Got format RG32 with modifier BLOCK_LINEAR_2D,HEIGHT=5,KIND=6,GEN=2,SECTOR=1,COMPRESSION=0
[1;32mDEBUG [0m]: zwp_linux_dmabuf_v1: Got format RG32 with modifier BLOCK_LINEAR_2D,HEIGHT=0,KIND=8,GEN=2,SECTOR=1,COMPRESSION=1
[1;32mDEBUG [0m]: zwp_linux_dmabuf_v1: Got format RG32 with modifier BLOCK_LINEAR_2D,HEIGHT=1,KIND=8,GEN=2,SECTOR=1,COMPRESSION=1
[1;32mDEBUG [0m]: zwp_linux_dmabuf_v1: Got format RG32 with modifier BLOCK_LINEAR_2D,HEIGHT=2,KIND=8,GEN=2,SECTOR=1,COMPRESSION=1
[1;32mDEBUG [0m]: zwp_linux_dmabuf_v1: Got format RG32 with modifier BLOCK_LINEAR_2D,HEIGHT=3,KIND=8,GEN=2,SECTOR=1,COMPRESSION=1
[1;32mDEBUG [0m]: zwp_linux_dmabuf_v1: Got format RG32 with modifier BLOCK_LINEAR_2D,HEIGHT=4,KIND=8,GEN=2,SECTOR=1,COMPRESSION=1
[1;32mDEBUG [0m]: zwp_linux_dmabuf_v1: Got format RG32 with modifier BLOCK_LINEAR_2D,HEIGHT=5,KIND=8,GEN=2,SECTOR=1,COMPRESSION=1
[1;32mDEBUG [0m]: zwp_linux_dmabuf_v1: Got format RG32 with modifier INVALID
[1;32mDEBUG [0m]: zwp_linux_dmabuf_v1: Got format UYVY with modifier INVALID
[1;32mDEBUG [0m]: zwp_linux_dmabuf_v1: Got format AR12 with modifier BLOCK_LINEAR_2D,HEIGHT=0,KIND=6,GEN=2,SECTOR=1,COMPRESSION=0
[1;32mDEBUG [0m]: zwp_linux_dmabuf_v1: Got format AR12 with modifier BLOCK_LINEAR_2D,HEIGHT=1,KIND=6,GEN=2,SECTOR=1,COMPRESSION=0
[1;32mDEBUG [0m]: zwp_linux_dmabuf_v1: Got format AR12 with modifier BLOCK_LINEAR_2D,HEIGHT=2,KIND=6,GEN=2,SECTOR=1,COMPRESSION=0
[1;32mDEBUG [0m]: zwp_linux_dmabuf_v1: Got format AR12 with modifier BLOCK_LINEAR_2D,HEIGHT=3,KIND=6,GEN=2,SECTOR=1,COMPRESSION=0
[1;32mDEBUG [0m]: zwp_linux_dmabuf_v1: Got format AR12 with modifier BLOCK_LINEAR_2D,HEIGHT=4,KIND=6,GEN=2,SECTOR=1,COMPRESSION=0
[1;32mDEBUG [0m]: zwp_linux_dmabuf_v1: Got format AR12 with modifier BLOCK_LINEAR_2D,HEIGHT=5,KIND=6,GEN=2,SECTOR=1,COMPRESSION=0
[1;32mDEBUG [0m]: zwp_linux_dmabuf_v1: Got format AR12 with modifier BLOCK_LINEAR_2D,HEIGHT=0,KIND=8,GEN=2,SECTOR=1,COMPRESSION=1
[1;32mDEBUG [0m]: zwp_linux_dmabuf_v1: Got format AR12 with modifier BLOCK_LINEAR_2D,HEIGHT=1,KIND=8,GEN=2,SECTOR=1,COMPRESSION=1
[1;32mDEBUG [0m]: zwp_linux_dmabuf_v1: Got format AR12 with modifier BLOCK_LINEAR_2D,HEIGHT=2,KIND=8,GEN=2,SECTOR=1,COMPRESSION=1
[1;32mDEBUG [0m]: zwp_linux_dmabuf_v1: Got format AR12 with modifier BLOCK_LINEAR_2D,HEIGHT=3,KIND=8,GEN=2,SECTOR=1,COMPRESSION=1
[1;32mDEBUG [0m]: zwp_linux_dmabuf_v1: Got format AR12 with modifier BLOCK_LINEAR_2D,HEIGHT=4,KIND=8,GEN=2,SECTOR=1,COMPRESSION=1
[1;32mDEBUG [0m]: zwp_linux_dmabuf_v1: Got format AR12 with modifier BLOCK_LINEAR_2D,HEIGHT=5,KIND=8,GEN=2,SECTOR=1,COMPRESSION=1
[1;32mDEBUG [0m]: zwp_linux_dmabuf_v1: Got format AR12 with modifier INVALID
[1;32mDEBUG [0m]: zwp_linux_dmabuf_v1: Got format AB12 with modifier BLOCK_LINEAR_2D,HEIGHT=0,KIND=6,GEN=2,SECTOR=1,COMPRESSION=0
[1;32mDEBUG [0m]: zwp_linux_dmabuf_v1: Got format AB12 with modifier BLOCK_LINEAR_2D,HEIGHT=1,KIND=6,GEN=2,SECTOR=1,COMPRESSION=0
[1;32mDEBUG [0m]: zwp_linux_dmabuf_v1: Got format AB12 with modifier BLOCK_LINEAR_2D,HEIGHT=2,KIND=6,GEN=2,SECTOR=1,COMPRESSION=0
[1;32mDEBUG [0m]: zwp_linux_dmabuf_v1: Got format AB12 with modifier BLOCK_LINEAR_2D,HEIGHT=3,KIND=6,GEN=2,SECTOR=1,COMPRESSION=0
[1;32mDEBUG [0m]: zwp_linux_dmabuf_v1: Got format AB12 with modifier BLOCK_LINEAR_2D,HEIGHT=4,KIND=6,GEN=2,SECTOR=1,COMPRESSION=0
[1;32mDEBUG [0m]: zwp_linux_dmabuf_v1: Got format AB12 with modifier BLOCK_LINEAR_2D,HEIGHT=5,KIND=6,GEN=2,SECTOR=1,COMPRESSION=0
[1;32mDEBUG [0m]: zwp_linux_dmabuf_v1: Got format AB12 with modifier BLOCK_LINEAR_2D,HEIGHT=0,KIND=8,GEN=2,SECTOR=1,COMPRESSION=1
[1;32mDEBUG [0m]: zwp_linux_dmabuf_v1: Got format AB12 with modifier BLOCK_LINEAR_2D,HEIGHT=1,KIND=8,GEN=2,SECTOR=1,COMPRESSION=1
[1;32mDEBUG [0m]: zwp_linux_dmabuf_v1: Got format AB12 with modifier BLOCK_LINEAR_2D,HEIGHT=2,KIND=8,GEN=2,SECTOR=1,COMPRESSION=1
[1;32mDEBUG [0m]: zwp_linux_dmabuf_v1: Got format AB12 with modifier BLOCK_LINEAR_2D,HEIGHT=3,KIND=8,GEN=2,SECTOR=1,COMPRESSION=1
[1;32mDEBUG [0m]: zwp_linux_dmabuf_v1: Got format AB12 with modifier BLOCK_LINEAR_2D,HEIGHT=4,KIND=8,GEN=2,SECTOR=1,COMPRESSION=1
[1;32mDEBUG [0m]: zwp_linux_dmabuf_v1: Got format AB12 with modifier BLOCK_LINEAR_2D,HEIGHT=5,KIND=8,GEN=2,SECTOR=1,COMPRESSION=1
[1;32mDEBUG [0m]: zwp_linux_dmabuf_v1: Got format AB12 with modifier INVALID
[1;32mDEBUG [0m]: zwp_linux_dmabuf_v1: Got format RA12 with modifier BLOCK_LINEAR_2D,HEIGHT=0,KIND=6,GEN=2,SECTOR=1,COMPRESSION=0
[1;32mDEBUG [0m]: zwp_linux_dmabuf_v1: Got format RA12 with modifier BLOCK_LINEAR_2D,HEIGHT=1,KIND=6,GEN=2,SECTOR=1,COMPRESSION=0
[1;32mDEBUG [0m]: zwp_linux_dmabuf_v1: Got format RA12 with modifier BLOCK_LINEAR_2D,HEIGHT=2,KIND=6,GEN=2,SECTOR=1,COMPRESSION=0
[1;32mDEBUG [0m]: zwp_linux_dmabuf_v1: Got format RA12 with modifier BLOCK_LINEAR_2D,HEIGHT=3,KIND=6,GEN=2,SECTOR=1,COMPRESSION=0
[1;32mDEBUG [0m]: zwp_linux_dmabuf_v1: Got format RA12 with modifier BLOCK_LINEAR_2D,HEIGHT=4,KIND=6,GEN=2,SECTOR=1,COMPRESSION=0
[1;32mDEBUG [0m]: zwp_linux_dmabuf_v1: Got format RA12 with modifier BLOCK_LINEAR_2D,HEIGHT=5,KIND=6,GEN=2,SECTOR=1,COMPRESSION=0
[1;32mDEBUG [0m]: zwp_linux_dmabuf_v1: Got format RA12 with modifier BLOCK_LINEAR_2D,HEIGHT=0,KIND=8,GEN=2,SECTOR=1,COMPRESSION=1
[1;32mDEBUG [0m]: zwp_linux_dmabuf_v1: Got format RA12 with modifier BLOCK_LINEAR_2D,HEIGHT=1,KIND=8,GEN=2,SECTOR=1,COMPRESSION=1
[1;32mDEBUG [0m]: zwp_linux_dmabuf_v1: Got format RA12 with modifier BLOCK_LINEAR_2D,HEIGHT=2,KIND=8,GEN=2,SECTOR=1,COMPRESSION=1
[1;32mDEBUG [0m]: zwp_linux_dmabuf_v1: Got format RA12 with modifier BLOCK_LINEAR_2D,HEIGHT=3,KIND=8,GEN=2,SECTOR=1,COMPRESSION=1
[1;32mDEBUG [0m]: zwp_linux_dmabuf_v1: Got format RA12 with modifier BLOCK_LINEAR_2D,HEIGHT=4,KIND=8,GEN=2,SECTOR=1,COMPRESSION=1
[1;32mDEBUG [0m]: zwp_linux_dmabuf_v1: Got format RA12 with modifier BLOCK_LINEAR_2D,HEIGHT=5,KIND=8,GEN=2,SECTOR=1,COMPRESSION=1
[1;32mDEBUG [0m]: zwp_linux_dmabuf_v1: Got format RA12 with modifier INVALID
[1;32mDEBUG [0m]: zwp_linux_dmabuf_v1: Got format BA12 with modifier BLOCK_LINEAR_2D,HEIGHT=0,KIND=6,GEN=2,SECTOR=1,COMPRESSION=0
[1;32mDEBUG [0m]: zwp_linux_dmabuf_v1: Got format BA12 with modifier BLOCK_LINEAR_2D,HEIGHT=1,KIND=6,GEN=2,SECTOR=1,COMPRESSION=0
[1;32mDEBUG [0m]: zwp_linux_dmabuf_v1: Got format BA12 with modifier BLOCK_LINEAR_2D,HEIGHT=2,KIND=6,GEN=2,SECTOR=1,COMPRESSION=0
[1;32mDEBUG [0m]: zwp_linux_dmabuf_v1: Got format BA12 with modifier BLOCK_LINEAR_2D,HEIGHT=3,KIND=6,GEN=2,SECTOR=1,COMPRESSION=0
[1;32mDEBUG [0m]: zwp_linux_dmabuf_v1: Got format BA12 with modifier BLOCK_LINEAR_2D,HEIGHT=4,KIND=6,GEN=2,SECTOR=1,COMPRESSION=0
[1;32mDEBUG [0m]: zwp_linux_dmabuf_v1: Got format BA12 with modifier BLOCK_LINEAR_2D,HEIGHT=5,KIND=6,GEN=2,SECTOR=1,COMPRESSION=0
[1;32mDEBUG [0m]: zwp_linux_dmabuf_v1: Got format BA12 with modifier BLOCK_LINEAR_2D,HEIGHT=0,KIND=8,GEN=2,SECTOR=1,COMPRESSION=1
[1;32mDEBUG [0m]: zwp_linux_dmabuf_v1: Got format BA12 with modifier BLOCK_LINEAR_2D,HEIGHT=1,KIND=8,GEN=2,SECTOR=1,COMPRESSION=1
[1;32mDEBUG [0m]: zwp_linux_dmabuf_v1: Got format BA12 with modifier BLOCK_LINEAR_2D,HEIGHT=2,KIND=8,GEN=2,SECTOR=1,COMPRESSION=1
[1;32mDEBUG [0m]: zwp_linux_dmabuf_v1: Got format BA12 with modifier BLOCK_LINEAR_2D,HEIGHT=3,KIND=8,GEN=2,SECTOR=1,COMPRESSION=1
[1;32mDEBUG [0m]: zwp_linux_dmabuf_v1: Got format BA12 with modifier BLOCK_LINEAR_2D,HEIGHT=4,KIND=8,GEN=2,SECTOR=1,COMPRESSION=1
[1;32mDEBUG [0m]: zwp_linux_dmabuf_v1: Got format BA12 with modifier BLOCK_LINEAR_2D,HEIGHT=5,KIND=8,GEN=2,SECTOR=1,COMPRESSION=1
[1;32mDEBUG [0m]: zwp_linux_dmabuf_v1: Got format BA12 with modifier INVALID
[1;32mDEBUG [0m]: zwp_linux_dmabuf_v1: Got format XR15 with modifier BLOCK_LINEAR_2D,HEIGHT=0,KIND=6,GEN=2,SECTOR=1,COMPRESSION=0
[1;32mDEBUG [0m]: zwp_linux_dmabuf_v1: Got format XR15 with modifier BLOCK_LINEAR_2D,HEIGHT=1,KIND=6,GEN=2,SECTOR=1,COMPRESSION=0
[1;32mDEBUG [0m]: zwp_linux_dmabuf_v1: Got format XR15 with modifier BLOCK_LINEAR_2D,HEIGHT=2,KIND=6,GEN=2,SECTOR=1,COMPRESSION=0
[1;32mDEBUG [0m]: zwp_linux_dmabuf_v1: Got format XR15 with modifier BLOCK_LINEAR_2D,HEIGHT=3,KIND=6,GEN=2,SECTOR=1,COMPRESSION=0
[1;32mDEBUG [0m]: zwp_linux_dmabuf_v1: Got format XR15 with modifier BLOCK_LINEAR_2D,HEIGHT=4,KIND=6,GEN=2,SECTOR=1,COMPRESSION=0
[1;32mDEBUG [0m]: zwp_linux_dmabuf_v1: Got format XR15 with modifier BLOCK_LINEAR_2D,HEIGHT=5,KIND=6,GEN=2,SECTOR=1,COMPRESSION=0
[1;32mDEBUG [0m]: zwp_linux_dmabuf_v1: Got format XR15 with modifier BLOCK_LINEAR_2D,HEIGHT=0,KIND=8,GEN=2,SECTOR=1,COMPRESSION=1
[1;32mDEBUG [0m]: zwp_linux_dmabuf_v1: Got format XR15 with modifier BLOCK_LINEAR_2D,HEIGHT=1,KIND=8,GEN=2,SECTOR=1,COMPRESSION=1
[1;32mDEBUG [0m]: zwp_linux_dmabuf_v1: Got format XR15 with modifier BLOCK_LINEAR_2D,HEIGHT=2,KIND=8,GEN=2,SECTOR=1,COMPRESSION=1
[1;32mDEBUG [0m]: zwp_linux_dmabuf_v1: Got format XR15 with modifier BLOCK_LINEAR_2D,HEIGHT=3,KIND=8,GEN=2,SECTOR=1,COMPRESSION=1
[1;32mDEBUG [0m]: zwp_linux_dmabuf_v1: Got format XR15 with modifier BLOCK_LINEAR_2D,HEIGHT=4,KIND=8,GEN=2,SECTOR=1,COMPRESSION=1
[1;32mDEBUG [0m]: zwp_linux_dmabuf_v1: Got format XR15 with modifier BLOCK_LINEAR_2D,HEIGHT=5,KIND=8,GEN=2,SECTOR=1,COMPRESSION=1
[1;32mDEBUG [0m]: zwp_linux_dmabuf_v1: Got format XR15 with modifier INVALID
[1;32mDEBUG [0m]: zwp_linux_dmabuf_v1: Got format XB15 with modifier BLOCK_LINEAR_2D,HEIGHT=0,KIND=6,GEN=2,SECTOR=1,COMPRESSION=0
[1;32mDEBUG [0m]: zwp_linux_dmabuf_v1: Got format XB15 with modifier BLOCK_LINEAR_2D,HEIGHT=1,KIND=6,GEN=2,SECTOR=1,COMPRESSION=0
[1;32mDEBUG [0m]: zwp_linux_dmabuf_v1: Got format XB15 with modifier BLOCK_LINEAR_2D,HEIGHT=2,KIND=6,GEN=2,SECTOR=1,COMPRESSION=0
[1;32mDEBUG [0m]: zwp_linux_dmabuf_v1: Got format XB15 with modifier BLOCK_LINEAR_2D,HEIGHT=3,KIND=6,GEN=2,SECTOR=1,COMPRESSION=0
[1;32mDEBUG [0m]: zwp_linux_dmabuf_v1: Got format XB15 with modifier BLOCK_LINEAR_2D,HEIGHT=4,KIND=6,GEN=2,SECTOR=1,COMPRESSION=0
[1;32mDEBUG [0m]: zwp_linux_dmabuf_v1: Got format XB15 with modifier BLOCK_LINEAR_2D,HEIGHT=5,KIND=6,GEN=2,SECTOR=1,COMPRESSION=0
[1;32mDEBUG [0m]: zwp_linux_dmabuf_v1: Got format XB15 with modifier BLOCK_LINEAR_2D,HEIGHT=0,KIND=8,GEN=2,SECTOR=1,COMPRESSION=1
[1;32mDEBUG [0m]: zwp_linux_dmabuf_v1: Got format XB15 with modifier BLOCK_LINEAR_2D,HEIGHT=1,KIND=8,GEN=2,SECTOR=1,COMPRESSION=1
[1;32mDEBUG [0m]: zwp_linux_dmabuf_v1: Got format XB15 with modifier BLOCK_LINEAR_2D,HEIGHT=2,KIND=8,GEN=2,SECTOR=1,COMPRESSION=1
[1;32mDEBUG [0m]: zwp_linux_dmabuf_v1: Got format XB15 with modifier BLOCK_LINEAR_2D,HEIGHT=3,KIND=8,GEN=2,SECTOR=1,COMPRESSION=1
[1;32mDEBUG [0m]: zwp_linux_dmabuf_v1: Got format XB15 with modifier BLOCK_LINEAR_2D,HEIGHT=4,KIND=8,GEN=2,SECTOR=1,COMPRESSION=1
[1;32mDEBUG [0m]: zwp_linux_dmabuf_v1: Got format XB15 with modifier BLOCK_LINEAR_2D,HEIGHT=5,KIND=8,GEN=2,SECTOR=1,COMPRESSION=1
[1;32mDEBUG [0m]: zwp_linux_dmabuf_v1: Got format XB15 with modifier INVALID
[1;32mDEBUG [0m]: zwp_linux_dmabuf_v1: Got format RX15 with modifier BLOCK_LINEAR_2D,HEIGHT=0,KIND=6,GEN=2,SECTOR=1,COMPRESSION=0
[1;32mDEBUG [0m]: zwp_linux_dmabuf_v1: Got format RX15 with modifier BLOCK_LINEAR_2D,HEIGHT=1,KIND=6,GEN=2,SECTOR=1,COMPRESSION=0
[1;32mDEBUG [0m]: zwp_linux_dmabuf_v1: Got format RX15 with modifier BLOCK_LINEAR_2D,HEIGHT=2,KIND=6,GEN=2,SECTOR=1,COMPRESSION=0
[1;32mDEBUG [0m]: zwp_linux_dmabuf_v1: Got format RX15 with modifier BLOCK_LINEAR_2D,HEIGHT=3,KIND=6,GEN=2,SECTOR=1,COMPRESSION=0
[1;32mDEBUG [0m]: zwp_linux_dmabuf_v1: Got format RX15 with modifier BLOCK_LINEAR_2D,HEIGHT=4,KIND=6,GEN=2,SECTOR=1,COMPRESSION=0
[1;32mDEBUG [0m]: zwp_linux_dmabuf_v1: Got format RX15 with modifier BLOCK_LINEAR_2D,HEIGHT=5,KIND=6,GEN=2,SECTOR=1,COMPRESSION=0
[1;32mDEBUG [0m]: zwp_linux_dmabuf_v1: Got format RX15 with modifier BLOCK_LINEAR_2D,HEIGHT=0,KIND=8,GEN=2,SECTOR=1,COMPRESSION=1
[1;32mDEBUG [0m]: zwp_linux_dmabuf_v1: Got format RX15 with modifier BLOCK_LINEAR_2D,HEIGHT=1,KIND=8,GEN=2,SECTOR=1,COMPRESSION=1
[1;32mDEBUG [0m]: zwp_linux_dmabuf_v1: Got format RX15 with modifier BLOCK_LINEAR_2D,HEIGHT=2,KIND=8,GEN=2,SECTOR=1,COMPRESSION=1
[1;32mDEBUG [0m]: zwp_linux_dmabuf_v1: Got format RX15 with modifier BLOCK_LINEAR_2D,HEIGHT=3,KIND=8,GEN=2,SECTOR=1,COMPRESSION=1
[1;32mDEBUG [0m]: zwp_linux_dmabuf_v1: Got format RX15 with modifier BLOCK_LINEAR_2D,HEIGHT=4,KIND=8,GEN=2,SECTOR=1,COMPRESSION=1
[1;32mDEBUG [0m]: zwp_linux_dmabuf_v1: Got format RX15 with modifier BLOCK_LINEAR_2D,HEIGHT=5,KIND=8,GEN=2,SECTOR=1,COMPRESSION=1
[1;32mDEBUG [0m]: zwp_linux_dmabuf_v1: Got format RX15 with modifier INVALID
[1;32mDEBUG [0m]: zwp_linux_dmabuf_v1: Got format BX15 with modifier BLOCK_LINEAR_2D,HEIGHT=0,KIND=6,GEN=2,SECTOR=1,COMPRESSION=0
[1;32mDEBUG [0m]: zwp_linux_dmabuf_v1: Got format BX15 with modifier BLOCK_LINEAR_2D,HEIGHT=1,KIND=6,GEN=2,SECTOR=1,COMPRESSION=0
[1;32mDEBUG [0m]: zwp_linux_dmabuf_v1: Got format BX15 with modifier BLOCK_LINEAR_2D,HEIGHT=2,KIND=6,GEN=2,SECTOR=1,COMPRESSION=0
[1;32mDEBUG [0m]: zwp_linux_dmabuf_v1: Got format BX15 with modifier BLOCK_LINEAR_2D,HEIGHT=3,KIND=6,GEN=2,SECTOR=1,COMPRESSION=0
[1;32mDEBUG [0m]: zwp_linux_dmabuf_v1: Got format BX15 with modifier BLOCK_LINEAR_2D,HEIGHT=4,KIND=6,GEN=2,SECTOR=1,COMPRESSION=0
[1;32mDEBUG [0m]: zwp_linux_dmabuf_v1: Got format BX15 with modifier BLOCK_LINEAR_2D,HEIGHT=5,KIND=6,GEN=2,SECTOR=1,COMPRESSION=0
[1;32mDEBUG [0m]: zwp_linux_dmabuf_v1: Got format BX15 with modifier BLOCK_LINEAR_2D,HEIGHT=0,KIND=8,GEN=2,SECTOR=1,COMPRESSION=1
[1;32mDEBUG [0m]: zwp_linux_dmabuf_v1: Got format BX15 with modifier BLOCK_LINEAR_2D,HEIGHT=1,KIND=8,GEN=2,SECTOR=1,COMPRESSION=1
[1;32mDEBUG [0m]: zwp_linux_dmabuf_v1: Got format BX15 with modifier BLOCK_LINEAR_2D,HEIGHT=2,KIND=8,GEN=2,SECTOR=1,COMPRESSION=1
[1;32mDEBUG [0m]: zwp_linux_dmabuf_v1: Got format BX15 with modifier BLOCK_LINEAR_2D,HEIGHT=3,KIND=8,GEN=2,SECTOR=1,COMPRESSION=1
[1;32mDEBUG [0m]: zwp_linux_dmabuf_v1: Got format BX15 with modifier BLOCK_LINEAR_2D,HEIGHT=4,KIND=8,GEN=2,SECTOR=1,COMPRESSION=1
[1;32mDEBUG [0m]: zwp_linux_dmabuf_v1: Got format BX15 with modifier BLOCK_LINEAR_2D,HEIGHT=5,KIND=8,GEN=2,SECTOR=1,COMPRESSION=1
[1;32mDEBUG [0m]: zwp_linux_dmabuf_v1: Got format BX15 with modifier INVALID
[1;32mDEBUG [0m]: zwp_linux_dmabuf_v1: Got format AR15 with modifier BLOCK_LINEAR_2D,HEIGHT=0,KIND=6,GEN=2,SECTOR=1,COMPRESSION=0
[1;32mDEBUG [0m]: zwp_linux_dmabuf_v1: Got format AR15 with modifier BLOCK_LINEAR_2D,HEIGHT=1,KIND=6,GEN=2,SECTOR=1,COMPRESSION=0
[1;32mDEBUG [0m]: zwp_linux_dmabuf_v1: Got format AR15 with modifier BLOCK_LINEAR_2D,HEIGHT=2,KIND=6,GEN=2,SECTOR=1,COMPRESSION=0
[1;32mDEBUG [0m]: zwp_linux_dmabuf_v1: Got format AR15 with modifier BLOCK_LINEAR_2D,HEIGHT=3,KIND=6,GEN=2,SECTOR=1,COMPRESSION=0
[1;32mDEBUG [0m]: zwp_linux_dmabuf_v1: Got format AR15 with modifier BLOCK_LINEAR_2D,HEIGHT=4,KIND=6,GEN=2,SECTOR=1,COMPRESSION=0
[1;32mDEBUG [0m]: zwp_linux_dmabuf_v1: Got format AR15 with modifier BLOCK_LINEAR_2D,HEIGHT=5,KIND=6,GEN=2,SECTOR=1,COMPRESSION=0
[1;32mDEBUG [0m]: zwp_linux_dmabuf_v1: Got format AR15 with modifier BLOCK_LINEAR_2D,HEIGHT=0,KIND=8,GEN=2,SECTOR=1,COMPRESSION=1
[1;32mDEBUG [0m]: zwp_linux_dmabuf_v1: Got format AR15 with modifier BLOCK_LINEAR_2D,HEIGHT=1,KIND=8,GEN=2,SECTOR=1,COMPRESSION=1
[1;32mDEBUG [0m]: zwp_linux_dmabuf_v1: Got format AR15 with modifier BLOCK_LINEAR_2D,HEIGHT=2,KIND=8,GEN=2,SECTOR=1,COMPRESSION=1
[1;32mDEBUG [0m]: zwp_linux_dmabuf_v1: Got format AR15 with modifier BLOCK_LINEAR_2D,HEIGHT=3,KIND=8,GEN=2,SECTOR=1,COMPRESSION=1
[1;32mDEBUG [0m]: zwp_linux_dmabuf_v1: Got format AR15 with modifier BLOCK_LINEAR_2D,HEIGHT=4,KIND=8,GEN=2,SECTOR=1,COMPRESSION=1
[1;32mDEBUG [0m]: zwp_linux_dmabuf_v1: Got format AR15 with modifier BLOCK_LINEAR_2D,HEIGHT=5,KIND=8,GEN=2,SECTOR=1,COMPRESSION=1
[1;32mDEBUG [0m]: zwp_linux_dmabuf_v1: Got format AR15 with modifier INVALID
[1;32mDEBUG [0m]: zwp_linux_dmabuf_v1: Got format AB15 with modifier BLOCK_LINEAR_2D,HEIGHT=0,KIND=6,GEN=2,SECTOR=1,COMPRESSION=0
[1;32mDEBUG [0m]: zwp_linux_dmabuf_v1: Got format AB15 with modifier BLOCK_LINEAR_2D,HEIGHT=1,KIND=6,GEN=2,SECTOR=1,COMPRESSION=0
[1;32mDEBUG [0m]: zwp_linux_dmabuf_v1: Got format AB15 with modifier BLOCK_LINEAR_2D,HEIGHT=2,KIND=6,GEN=2,SECTOR=1,COMPRESSION=0
[1;32mDEBUG [0m]: zwp_linux_dmabuf_v1: Got format AB15 with modifier BLOCK_LINEAR_2D,HEIGHT=3,KIND=6,GEN=2,SECTOR=1,COMPRESSION=0
[1;32mDEBUG [0m]: zwp_linux_dmabuf_v1: Got format AB15 with modifier BLOCK_LINEAR_2D,HEIGHT=4,KIND=6,GEN=2,SECTOR=1,COMPRESSION=0
[1;32mDEBUG [0m]: zwp_linux_dmabuf_v1: Got format AB15 with modifier BLOCK_LINEAR_2D,HEIGHT=5,KIND=6,GEN=2,SECTOR=1,COMPRESSION=0
[1;32mDEBUG [0m]: zwp_linux_dmabuf_v1: Got format AB15 with modifier BLOCK_LINEAR_2D,HEIGHT=0,KIND=8,GEN=2,SECTOR=1,COMPRESSION=1
[1;32mDEBUG [0m]: zwp_linux_dmabuf_v1: Got format AB15 with modifier BLOCK_LINEAR_2D,HEIGHT=1,KIND=8,GEN=2,SECTOR=1,COMPRESSION=1
[1;32mDEBUG [0m]: zwp_linux_dmabuf_v1: Got format AB15 with modifier BLOCK_LINEAR_2D,HEIGHT=2,KIND=8,GEN=2,SECTOR=1,COMPRESSION=1
[1;32mDEBUG [0m]: zwp_linux_dmabuf_v1: Got format AB15 with modifier BLOCK_LINEAR_2D,HEIGHT=3,KIND=8,GEN=2,SECTOR=1,COMPRESSION=1
[1;32mDEBUG [0m]: zwp_linux_dmabuf_v1: Got format AB15 with modifier BLOCK_LINEAR_2D,HEIGHT=4,KIND=8,GEN=2,SECTOR=1,COMPRESSION=1
[1;32mDEBUG [0m]: zwp_linux_dmabuf_v1: Got format AB15 with modifier BLOCK_LINEAR_2D,HEIGHT=5,KIND=8,GEN=2,SECTOR=1,COMPRESSION=1
[1;32mDEBUG [0m]: zwp_linux_dmabuf_v1: Got format AB15 with modifier INVALID
[1;32mDEBUG [0m]: zwp_linux_dmabuf_v1: Got format RA15 with modifier BLOCK_LINEAR_2D,HEIGHT=0,KIND=6,GEN=2,SECTOR=1,COMPRESSION=0
[1;32mDEBUG [0m]: zwp_linux_dmabuf_v1: Got format RA15 with modifier BLOCK_LINEAR_2D,HEIGHT=1,KIND=6,GEN=2,SECTOR=1,COMPRESSION=0
[1;32mDEBUG [0m]: zwp_linux_dmabuf_v1: Got format RA15 with modifier BLOCK_LINEAR_2D,HEIGHT=2,KIND=6,GEN=2,SECTOR=1,COMPRESSION=0
[1;32mDEBUG [0m]: zwp_linux_dmabuf_v1: Got format RA15 with modifier BLOCK_LINEAR_2D,HEIGHT=3,KIND=6,GEN=2,SECTOR=1,COMPRESSION=0
[1;32mDEBUG [0m]: zwp_linux_dmabuf_v1: Got format RA15 with modifier BLOCK_LINEAR_2D,HEIGHT=4,KIND=6,GEN=2,SECTOR=1,COMPRESSION=0
[1;32mDEBUG [0m]: zwp_linux_dmabuf_v1: Got format RA15 with modifier BLOCK_LINEAR_2D,HEIGHT=5,KIND=6,GEN=2,SECTOR=1,COMPRESSION=0
[1;32mDEBUG [0m]: zwp_linux_dmabuf_v1: Got format RA15 with modifier BLOCK_LINEAR_2D,HEIGHT=0,KIND=8,GEN=2,SECTOR=1,COMPRESSION=1
[1;32mDEBUG [0m]: zwp_linux_dmabuf_v1: Got format RA15 with modifier BLOCK_LINEAR_2D,HEIGHT=1,KIND=8,GEN=2,SECTOR=1,COMPRESSION=1
[1;32mDEBUG [0m]: zwp_linux_dmabuf_v1: Got format RA15 with modifier BLOCK_LINEAR_2D,HEIGHT=2,KIND=8,GEN=2,SECTOR=1,COMPRESSION=1
[1;32mDEBUG [0m]: zwp_linux_dmabuf_v1: Got format RA15 with modifier BLOCK_LINEAR_2D,HEIGHT=3,KIND=8,GEN=2,SECTOR=1,COMPRESSION=1
[1;32mDEBUG [0m]: zwp_linux_dmabuf_v1: Got format RA15 with modifier BLOCK_LINEAR_2D,HEIGHT=4,KIND=8,GEN=2,SECTOR=1,COMPRESSION=1
[1;32mDEBUG [0m]: zwp_linux_dmabuf_v1: Got format RA15 with modifier BLOCK_LINEAR_2D,HEIGHT=5,KIND=8,GEN=2,SECTOR=1,COMPRESSION=1
[1;32mDEBUG [0m]: zwp_linux_dmabuf_v1: Got format RA15 with modifier INVALID
[1;32mDEBUG [0m]: zwp_linux_dmabuf_v1: Got format BA15 with modifier BLOCK_LINEAR_2D,HEIGHT=0,KIND=6,GEN=2,SECTOR=1,COMPRESSION=0
[1;32mDEBUG [0m]: zwp_linux_dmabuf_v1: Got format BA15 with modifier BLOCK_LINEAR_2D,HEIGHT=1,KIND=6,GEN=2,SECTOR=1,COMPRESSION=0
[1;32mDEBUG [0m]: zwp_linux_dmabuf_v1: Got format BA15 with modifier BLOCK_LINEAR_2D,HEIGHT=2,KIND=6,GEN=2,SECTOR=1,COMPRESSION=0
[1;32mDEBUG [0m]: zwp_linux_dmabuf_v1: Got format BA15 with modifier BLOCK_LINEAR_2D,HEIGHT=3,KIND=6,GEN=2,SECTOR=1,COMPRESSION=0
[1;32mDEBUG [0m]: zwp_linux_dmabuf_v1: Got format BA15 with modifier BLOCK_LINEAR_2D,HEIGHT=4,KIND=6,GEN=2,SECTOR=1,COMPRESSION=0
[1;32mDEBUG [0m]: zwp_linux_dmabuf_v1: Got format BA15 with modifier BLOCK_LINEAR_2D,HEIGHT=5,KIND=6,GEN=2,SECTOR=1,COMPRESSION=0
[1;32mDEBUG [0m]: zwp_linux_dmabuf_v1: Got format BA15 with modifier BLOCK_LINEAR_2D,HEIGHT=0,KIND=8,GEN=2,SECTOR=1,COMPRESSION=1
[1;32mDEBUG [0m]: zwp_linux_dmabuf_v1: Got format BA15 with modifier BLOCK_LINEAR_2D,HEIGHT=1,KIND=8,GEN=2,SECTOR=1,COMPRESSION=1
[1;32mDEBUG [0m]: zwp_linux_dmabuf_v1: Got format BA15 with modifier BLOCK_LINEAR_2D,HEIGHT=2,KIND=8,GEN=2,SECTOR=1,COMPRESSION=1
[1;32mDEBUG [0m]: zwp_linux_dmabuf_v1: Got format BA15 with modifier BLOCK_LINEAR_2D,HEIGHT=3,KIND=8,GEN=2,SECTOR=1,COMPRESSION=1
[1;32mDEBUG [0m]: zwp_linux_dmabuf_v1: Got format BA15 with modifier BLOCK_LINEAR_2D,HEIGHT=4,KIND=8,GEN=2,SECTOR=1,COMPRESSION=1
[1;32mDEBUG [0m]: zwp_linux_dmabuf_v1: Got format BA15 with modifier BLOCK_LINEAR_2D,HEIGHT=5,KIND=8,GEN=2,SECTOR=1,COMPRESSION=1
[1;32mDEBUG [0m]: zwp_linux_dmabuf_v1: Got format BA15 with modifier INVALID
[1;32mDEBUG [0m]: zwp_linux_dmabuf_v1: Got format AB4H with modifier BLOCK_LINEAR_2D,HEIGHT=0,KIND=6,GEN=2,SECTOR=1,COMPRESSION=0
[1;32mDEBUG [0m]: zwp_linux_dmabuf_v1: Got format AB4H with modifier BLOCK_LINEAR_2D,HEIGHT=1,KIND=6,GEN=2,SECTOR=1,COMPRESSION=0
[1;32mDEBUG [0m]: zwp_linux_dmabuf_v1: Got format AB4H with modifier BLOCK_LINEAR_2D,HEIGHT=2,KIND=6,GEN=2,SECTOR=1,COMPRESSION=0
[1;32mDEBUG [0m]: zwp_linux_dmabuf_v1: Got format AB4H with modifier BLOCK_LINEAR_2D,HEIGHT=3,KIND=6,GEN=2,SECTOR=1,COMPRESSION=0
[1;32mDEBUG [0m]: zwp_linux_dmabuf_v1: Got format AB4H with modifier BLOCK_LINEAR_2D,HEIGHT=4,KIND=6,GEN=2,SECTOR=1,COMPRESSION=0
[1;32mDEBUG [0m]: zwp_linux_dmabuf_v1: Got format AB4H with modifier BLOCK_LINEAR_2D,HEIGHT=5,KIND=6,GEN=2,SECTOR=1,COMPRESSION=0
[1;32mDEBUG [0m]: zwp_linux_dmabuf_v1: Got format AB4H with modifier BLOCK_LINEAR_2D,HEIGHT=0,KIND=8,GEN=2,SECTOR=1,COMPRESSION=1
[1;32mDEBUG [0m]: zwp_linux_dmabuf_v1: Got format AB4H with modifier BLOCK_LINEAR_2D,HEIGHT=1,KIND=8,GEN=2,SECTOR=1,COMPRESSION=1
[1;32mDEBUG [0m]: zwp_linux_dmabuf_v1: Got format AB4H with modifier BLOCK_LINEAR_2D,HEIGHT=2,KIND=8,GEN=2,SECTOR=1,COMPRESSION=1
[1;32mDEBUG [0m]: zwp_linux_dmabuf_v1: Got format AB4H with modifier BLOCK_LINEAR_2D,HEIGHT=3,KIND=8,GEN=2,SECTOR=1,COMPRESSION=1
[1;32mDEBUG [0m]: zwp_linux_dmabuf_v1: Got format AB4H with modifier BLOCK_LINEAR_2D,HEIGHT=4,KIND=8,GEN=2,SECTOR=1,COMPRESSION=1
[1;32mDEBUG [0m]: zwp_linux_dmabuf_v1: Got format AB4H with modifier BLOCK_LINEAR_2D,HEIGHT=5,KIND=8,GEN=2,SECTOR=1,COMPRESSION=1
[1;32mDEBUG [0m]: zwp_linux_dmabuf_v1: Got format AB4H with modifier INVALID
[1;32mDEBUG [0m]: zwp_linux_dmabuf_v1: Got format XB4H with modifier BLOCK_LINEAR_2D,HEIGHT=0,KIND=6,GEN=2,SECTOR=1,COMPRESSION=0
[1;32mDEBUG [0m]: zwp_linux_dmabuf_v1: Got format XB4H with modifier BLOCK_LINEAR_2D,HEIGHT=1,KIND=6,GEN=2,SECTOR=1,COMPRESSION=0
[1;32mDEBUG [0m]: zwp_linux_dmabuf_v1: Got format XB4H with modifier BLOCK_LINEAR_2D,HEIGHT=2,KIND=6,GEN=2,SECTOR=1,COMPRESSION=0
[1;32mDEBUG [0m]: zwp_linux_dmabuf_v1: Got format XB4H with modifier BLOCK_LINEAR_2D,HEIGHT=3,KIND=6,GEN=2,SECTOR=1,COMPRESSION=0
[1;32mDEBUG [0m]: zwp_linux_dmabuf_v1: Got format XB4H with modifier BLOCK_LINEAR_2D,HEIGHT=4,KIND=6,GEN=2,SECTOR=1,COMPRESSION=0
[1;32mDEBUG [0m]: zwp_linux_dmabuf_v1: Got format XB4H with modifier BLOCK_LINEAR_2D,HEIGHT=5,KIND=6,GEN=2,SECTOR=1,COMPRESSION=0
[1;32mDEBUG [0m]: zwp_linux_dmabuf_v1: Got format XB4H with modifier BLOCK_LINEAR_2D,HEIGHT=0,KIND=8,GEN=2,SECTOR=1,COMPRESSION=1
[1;32mDEBUG [0m]: zwp_linux_dmabuf_v1: Got format XB4H with modifier BLOCK_LINEAR_2D,HEIGHT=1,KIND=8,GEN=2,SECTOR=1,COMPRESSION=1
[1;32mDEBUG [0m]: zwp_linux_dmabuf_v1: Got format XB4H with modifier BLOCK_LINEAR_2D,HEIGHT=2,KIND=8,GEN=2,SECTOR=1,COMPRESSION=1
[1;32mDEBUG [0m]: zwp_linux_dmabuf_v1: Got format XB4H with modifier BLOCK_LINEAR_2D,HEIGHT=3,KIND=8,GEN=2,SECTOR=1,COMPRESSION=1
[1;32mDEBUG [0m]: zwp_linux_dmabuf_v1: Got format XB4H with modifier BLOCK_LINEAR_2D,HEIGHT=4,KIND=8,GEN=2,SECTOR=1,COMPRESSION=1
[1;32mDEBUG [0m]: zwp_linux_dmabuf_v1: Got format XB4H with modifier BLOCK_LINEAR_2D,HEIGHT=5,KIND=8,GEN=2,SECTOR=1,COMPRESSION=1
[1;32mDEBUG [0m]: zwp_linux_dmabuf_v1: Got format XB4H with modifier INVALID
[1;32mDEBUG [0m]: zwp_linux_dmabuf_v1: Got format AR24 with modifier BLOCK_LINEAR_2D,HEIGHT=0,KIND=6,GEN=2,SECTOR=1,COMPRESSION=0
[1;32mDEBUG [0m]: zwp_linux_dmabuf_v1: Got format AR24 with modifier BLOCK_LINEAR_2D,HEIGHT=1,KIND=6,GEN=2,SECTOR=1,COMPRESSION=0
[1;32mDEBUG [0m]: zwp_linux_dmabuf_v1: Got format AR24 with modifier BLOCK_LINEAR_2D,HEIGHT=2,KIND=6,GEN=2,SECTOR=1,COMPRESSION=0
[1;32mDEBUG [0m]: zwp_linux_dmabuf_v1: Got format AR24 with modifier BLOCK_LINEAR_2D,HEIGHT=3,KIND=6,GEN=2,SECTOR=1,COMPRESSION=0
[1;32mDEBUG [0m]: zwp_linux_dmabuf_v1: Got format AR24 with modifier BLOCK_LINEAR_2D,HEIGHT=4,KIND=6,GEN=2,SECTOR=1,COMPRESSION=0
[1;32mDEBUG [0m]: zwp_linux_dmabuf_v1: Got format AR24 with modifier BLOCK_LINEAR_2D,HEIGHT=5,KIND=6,GEN=2,SECTOR=1,COMPRESSION=0
[1;32mDEBUG [0m]: zwp_linux_dmabuf_v1: Got format AR24 with modifier BLOCK_LINEAR_2D,HEIGHT=0,KIND=8,GEN=2,SECTOR=1,COMPRESSION=1
[1;32mDEBUG [0m]: zwp_linux_dmabuf_v1: Got format AR24 with modifier BLOCK_LINEAR_2D,HEIGHT=1,KIND=8,GEN=2,SECTOR=1,COMPRESSION=1
[1;32mDEBUG [0m]: zwp_linux_dmabuf_v1: Got format AR24 with modifier BLOCK_LINEAR_2D,HEIGHT=2,KIND=8,GEN=2,SECTOR=1,COMPRESSION=1
[1;32mDEBUG [0m]: zwp_linux_dmabuf_v1: Got format AR24 with modifier BLOCK_LINEAR_2D,HEIGHT=3,KIND=8,GEN=2,SECTOR=1,COMPRESSION=1
[1;32mDEBUG [0m]: zwp_linux_dmabuf_v1: Got format AR24 with modifier BLOCK_LINEAR_2D,HEIGHT=4,KIND=8,GEN=2,SECTOR=1,COMPRESSION=1
[1;32mDEBUG [0m]: zwp_linux_dmabuf_v1: Got format AR24 with modifier BLOCK_LINEAR_2D,HEIGHT=5,KIND=8,GEN=2,SECTOR=1,COMPRESSION=1
[1;32mDEBUG [0m]: zwp_linux_dmabuf_v1: Got format AR24 with modifier INVALID
[1;32mDEBUG [0m]: zwp_linux_dmabuf_v1: Got format XR24 with modifier BLOCK_LINEAR_2D,HEIGHT=0,KIND=6,GEN=2,SECTOR=1,COMPRESSION=0
[1;32mDEBUG [0m]: zwp_linux_dmabuf_v1: Got format XR24 with modifier BLOCK_LINEAR_2D,HEIGHT=1,KIND=6,GEN=2,SECTOR=1,COMPRESSION=0
[1;32mDEBUG [0m]: zwp_linux_dmabuf_v1: Got format XR24 with modifier BLOCK_LINEAR_2D,HEIGHT=2,KIND=6,GEN=2,SECTOR=1,COMPRESSION=0
[1;32mDEBUG [0m]: zwp_linux_dmabuf_v1: Got format XR24 with modifier BLOCK_LINEAR_2D,HEIGHT=3,KIND=6,GEN=2,SECTOR=1,COMPRESSION=0
[1;32mDEBUG [0m]: zwp_linux_dmabuf_v1: Got format XR24 with modifier BLOCK_LINEAR_2D,HEIGHT=4,KIND=6,GEN=2,SECTOR=1,COMPRESSION=0
[1;32mDEBUG [0m]: zwp_linux_dmabuf_v1: Got format XR24 with modifier BLOCK_LINEAR_2D,HEIGHT=5,KIND=6,GEN=2,SECTOR=1,COMPRESSION=0
[1;32mDEBUG [0m]: zwp_linux_dmabuf_v1: Got format XR24 with modifier BLOCK_LINEAR_2D,HEIGHT=0,KIND=8,GEN=2,SECTOR=1,COMPRESSION=1
[1;32mDEBUG [0m]: zwp_linux_dmabuf_v1: Got format XR24 with modifier BLOCK_LINEAR_2D,HEIGHT=1,KIND=8,GEN=2,SECTOR=1,COMPRESSION=1
[1;32mDEBUG [0m]: zwp_linux_dmabuf_v1: Got format XR24 with modifier BLOCK_LINEAR_2D,HEIGHT=2,KIND=8,GEN=2,SECTOR=1,COMPRESSION=1
[1;32mDEBUG [0m]: zwp_linux_dmabuf_v1: Got format XR24 with modifier BLOCK_LINEAR_2D,HEIGHT=3,KIND=8,GEN=2,SECTOR=1,COMPRESSION=1
[1;32mDEBUG [0m]: zwp_linux_dmabuf_v1: Got format XR24 with modifier BLOCK_LINEAR_2D,HEIGHT=4,KIND=8,GEN=2,SECTOR=1,COMPRESSION=1
[1;32mDEBUG [0m]: zwp_linux_dmabuf_v1: Got format XR24 with modifier BLOCK_LINEAR_2D,HEIGHT=5,KIND=8,GEN=2,SECTOR=1,COMPRESSION=1
[1;32mDEBUG [0m]: zwp_linux_dmabuf_v1: Got format XR24 with modifier INVALID
[1;32mDEBUG [0m]: zwp_linux_dmabuf_v1: Got format RGB8 with modifier BLOCK_LINEAR_2D,HEIGHT=0,KIND=6,GEN=2,SECTOR=1,COMPRESSION=0
[1;32mDEBUG [0m]: zwp_linux_dmabuf_v1: Got format RGB8 with modifier BLOCK_LINEAR_2D,HEIGHT=1,KIND=6,GEN=2,SECTOR=1,COMPRESSION=0
[1;32mDEBUG [0m]: zwp_linux_dmabuf_v1: Got format RGB8 with modifier BLOCK_LINEAR_2D,HEIGHT=2,KIND=6,GEN=2,SECTOR=1,COMPRESSION=0
[1;32mDEBUG [0m]: zwp_linux_dmabuf_v1: Got format RGB8 with modifier BLOCK_LINEAR_2D,HEIGHT=3,KIND=6,GEN=2,SECTOR=1,COMPRESSION=0
[1;32mDEBUG [0m]: zwp_linux_dmabuf_v1: Got format RGB8 with modifier BLOCK_LINEAR_2D,HEIGHT=4,KIND=6,GEN=2,SECTOR=1,COMPRESSION=0
[1;32mDEBUG [0m]: zwp_linux_dmabuf_v1: Got format RGB8 with modifier BLOCK_LINEAR_2D,HEIGHT=5,KIND=6,GEN=2,SECTOR=1,COMPRESSION=0
[1;32mDEBUG [0m]: zwp_linux_dmabuf_v1: Got format RGB8 with modifier BLOCK_LINEAR_2D,HEIGHT=0,KIND=8,GEN=2,SECTOR=1,COMPRESSION=1
[1;32mDEBUG [0m]: zwp_linux_dmabuf_v1: Got format RGB8 with modifier BLOCK_LINEAR_2D,HEIGHT=1,KIND=8,GEN=2,SECTOR=1,COMPRESSION=1
[1;32mDEBUG [0m]: zwp_linux_dmabuf_v1: Got format RGB8 with modifier BLOCK_LINEAR_2D,HEIGHT=2,KIND=8,GEN=2,SECTOR=1,COMPRESSION=1
[1;32mDEBUG [0m]: zwp_linux_dmabuf_v1: Got format RGB8 with modifier BLOCK_LINEAR_2D,HEIGHT=3,KIND=8,GEN=2,SECTOR=1,COMPRESSION=1
[1;32mDEBUG [0m]: zwp_linux_dmabuf_v1: Got format RGB8 with modifier BLOCK_LINEAR_2D,HEIGHT=4,KIND=8,GEN=2,SECTOR=1,COMPRESSION=1
[1;32mDEBUG [0m]: zwp_linux_dmabuf_v1: Got format RGB8 with modifier BLOCK_LINEAR_2D,HEIGHT=5,KIND=8,GEN=2,SECTOR=1,COMPRESSION=1
[1;32mDEBUG [0m]: zwp_linux_dmabuf_v1: Got format RGB8 with modifier INVALID
[1;32mDEBUG [0m]: zwp_linux_dmabuf_v1: Got format RG16 with modifier BLOCK_LINEAR_2D,HEIGHT=0,KIND=6,GEN=2,SECTOR=1,COMPRESSION=0
[1;32mDEBUG [0m]: zwp_linux_dmabuf_v1: Got format RG16 with modifier BLOCK_LINEAR_2D,HEIGHT=1,KIND=6,GEN=2,SECTOR=1,COMPRESSION=0
[1;32mDEBUG [0m]: zwp_linux_dmabuf_v1: Got format RG16 with modifier BLOCK_LINEAR_2D,HEIGHT=2,KIND=6,GEN=2,SECTOR=1,COMPRESSION=0
[1;32mDEBUG [0m]: zwp_linux_dmabuf_v1: Got format RG16 with modifier BLOCK_LINEAR_2D,HEIGHT=3,KIND=6,GEN=2,SECTOR=1,COMPRESSION=0
[1;32mDEBUG [0m]: zwp_linux_dmabuf_v1: Got format RG16 with modifier BLOCK_LINEAR_2D,HEIGHT=4,KIND=6,GEN=2,SECTOR=1,COMPRESSION=0
[1;32mDEBUG [0m]: zwp_linux_dmabuf_v1: Got format RG16 with modifier BLOCK_LINEAR_2D,HEIGHT=5,KIND=6,GEN=2,SECTOR=1,COMPRESSION=0
[1;32mDEBUG [0m]: zwp_linux_dmabuf_v1: Got format RG16 with modifier BLOCK_LINEAR_2D,HEIGHT=0,KIND=8,GEN=2,SECTOR=1,COMPRESSION=1
[1;32mDEBUG [0m]: zwp_linux_dmabuf_v1: Got format RG16 with modifier BLOCK_LINEAR_2D,HEIGHT=1,KIND=8,GEN=2,SECTOR=1,COMPRESSION=1
[1;32mDEBUG [0m]: zwp_linux_dmabuf_v1: Got format RG16 with modifier BLOCK_LINEAR_2D,HEIGHT=2,KIND=8,GEN=2,SECTOR=1,COMPRESSION=1
[1;32mDEBUG [0m]: zwp_linux_dmabuf_v1: Got format RG16 with modifier BLOCK_LINEAR_2D,HEIGHT=3,KIND=8,GEN=2,SECTOR=1,COMPRESSION=1
[1;32mDEBUG [0m]: zwp_linux_dmabuf_v1: Got format RG16 with modifier BLOCK_LINEAR_2D,HEIGHT=4,KIND=8,GEN=2,SECTOR=1,COMPRESSION=1
[1;32mDEBUG [0m]: zwp_linux_dmabuf_v1: Got format RG16 with modifier BLOCK_LINEAR_2D,HEIGHT=5,KIND=8,GEN=2,SECTOR=1,COMPRESSION=1
[1;32mDEBUG [0m]: zwp_linux_dmabuf_v1: Got format RG16 with modifier INVALID
[1;32mDEBUG [0m]: zwp_linux_dmabuf_v1: Got format BG16 with modifier BLOCK_LINEAR_2D,HEIGHT=0,KIND=6,GEN=2,SECTOR=1,COMPRESSION=0
[1;32mDEBUG [0m]: zwp_linux_dmabuf_v1: Got format BG16 with modifier BLOCK_LINEAR_2D,HEIGHT=1,KIND=6,GEN=2,SECTOR=1,COMPRESSION=0
[1;32mDEBUG [0m]: zwp_linux_dmabuf_v1: Got format BG16 with modifier BLOCK_LINEAR_2D,HEIGHT=2,KIND=6,GEN=2,SECTOR=1,COMPRESSION=0
[1;32mDEBUG [0m]: zwp_linux_dmabuf_v1: Got format BG16 with modifier BLOCK_LINEAR_2D,HEIGHT=3,KIND=6,GEN=2,SECTOR=1,COMPRESSION=0
[1;32mDEBUG [0m]: zwp_linux_dmabuf_v1: Got format BG16 with modifier BLOCK_LINEAR_2D,HEIGHT=4,KIND=6,GEN=2,SECTOR=1,COMPRESSION=0
[1;32mDEBUG [0m]: zwp_linux_dmabuf_v1: Got format BG16 with modifier BLOCK_LINEAR_2D,HEIGHT=5,KIND=6,GEN=2,SECTOR=1,COMPRESSION=0
[1;32mDEBUG [0m]: zwp_linux_dmabuf_v1: Got format BG16 with modifier BLOCK_LINEAR_2D,HEIGHT=0,KIND=8,GEN=2,SECTOR=1,COMPRESSION=1
[1;32mDEBUG [0m]: zwp_linux_dmabuf_v1: Got format BG16 with modifier BLOCK_LINEAR_2D,HEIGHT=1,KIND=8,GEN=2,SECTOR=1,COMPRESSION=1
[1;32mDEBUG [0m]: zwp_linux_dmabuf_v1: Got format BG16 with modifier BLOCK_LINEAR_2D,HEIGHT=2,KIND=8,GEN=2,SECTOR=1,COMPRESSION=1
[1;32mDEBUG [0m]: zwp_linux_dmabuf_v1: Got format BG16 with modifier BLOCK_LINEAR_2D,HEIGHT=3,KIND=8,GEN=2,SECTOR=1,COMPRESSION=1
[1;32mDEBUG [0m]: zwp_linux_dmabuf_v1: Got format BG16 with modifier BLOCK_LINEAR_2D,HEIGHT=4,KIND=8,GEN=2,SECTOR=1,COMPRESSION=1
[1;32mDEBUG [0m]: zwp_linux_dmabuf_v1: Got format BG16 with modifier BLOCK_LINEAR_2D,HEIGHT=5,KIND=8,GEN=2,SECTOR=1,COMPRESSION=1
[1;32mDEBUG [0m]: zwp_linux_dmabuf_v1: Got format BG16 with modifier INVALID
[1;32mDEBUG [0m]: zwp_linux_dmabuf_v1: Got format RG24 with modifier BLOCK_LINEAR_2D,HEIGHT=0,KIND=6,GEN=2,SECTOR=1,COMPRESSION=0
[1;32mDEBUG [0m]: zwp_linux_dmabuf_v1: Got format RG24 with modifier BLOCK_LINEAR_2D,HEIGHT=1,KIND=6,GEN=2,SECTOR=1,COMPRESSION=0
[1;32mDEBUG [0m]: zwp_linux_dmabuf_v1: Got format RG24 with modifier BLOCK_LINEAR_2D,HEIGHT=2,KIND=6,GEN=2,SECTOR=1,COMPRESSION=0
[1;32mDEBUG [0m]: zwp_linux_dmabuf_v1: Got format RG24 with modifier BLOCK_LINEAR_2D,HEIGHT=3,KIND=6,GEN=2,SECTOR=1,COMPRESSION=0
[1;32mDEBUG [0m]: zwp_linux_dmabuf_v1: Got format RG24 with modifier BLOCK_LINEAR_2D,HEIGHT=4,KIND=6,GEN=2,SECTOR=1,COMPRESSION=0
[1;32mDEBUG [0m]: zwp_linux_dmabuf_v1: Got format RG24 with modifier BLOCK_LINEAR_2D,HEIGHT=5,KIND=6,GEN=2,SECTOR=1,COMPRESSION=0
[1;32mDEBUG [0m]: zwp_linux_dmabuf_v1: Got format RG24 with modifier BLOCK_LINEAR_2D,HEIGHT=0,KIND=8,GEN=2,SECTOR=1,COMPRESSION=1
[1;32mDEBUG [0m]: zwp_linux_dmabuf_v1: Got format RG24 with modifier BLOCK_LINEAR_2D,HEIGHT=1,KIND=8,GEN=2,SECTOR=1,COMPRESSION=1
[1;32mDEBUG [0m]: zwp_linux_dmabuf_v1: Got format RG24 with modifier BLOCK_LINEAR_2D,HEIGHT=2,KIND=8,GEN=2,SECTOR=1,COMPRESSION=1
[1;32mDEBUG [0m]: zwp_linux_dmabuf_v1: Got format RG24 with modifier BLOCK_LINEAR_2D,HEIGHT=3,KIND=8,GEN=2,SECTOR=1,COMPRESSION=1
[1;32mDEBUG [0m]: zwp_linux_dmabuf_v1: Got format RG24 with modifier BLOCK_LINEAR_2D,HEIGHT=4,KIND=8,GEN=2,SECTOR=1,COMPRESSION=1
[1;32mDEBUG [0m]: zwp_linux_dmabuf_v1: Got format RG24 with modifier BLOCK_LINEAR_2D,HEIGHT=5,KIND=8,GEN=2,SECTOR=1,COMPRESSION=1
[1;32mDEBUG [0m]: zwp_linux_dmabuf_v1: Got format RG24 with modifier INVALID
[1;32mDEBUG [0m]: zwp_linux_dmabuf_v1: Got format BG24 with modifier BLOCK_LINEAR_2D,HEIGHT=0,KIND=6,GEN=2,SECTOR=1,COMPRESSION=0
[1;32mDEBUG [0m]: zwp_linux_dmabuf_v1: Got format BG24 with modifier BLOCK_LINEAR_2D,HEIGHT=1,KIND=6,GEN=2,SECTOR=1,COMPRESSION=0
[1;32mDEBUG [0m]: zwp_linux_dmabuf_v1: Got format BG24 with modifier BLOCK_LINEAR_2D,HEIGHT=2,KIND=6,GEN=2,SECTOR=1,COMPRESSION=0
[1;32mDEBUG [0m]: zwp_linux_dmabuf_v1: Got format BG24 with modifier BLOCK_LINEAR_2D,HEIGHT=3,KIND=6,GEN=2,SECTOR=1,COMPRESSION=0
[1;32mDEBUG [0m]: zwp_linux_dmabuf_v1: Got format BG24 with modifier BLOCK_LINEAR_2D,HEIGHT=4,KIND=6,GEN=2,SECTOR=1,COMPRESSION=0
[1;32mDEBUG [0m]: zwp_linux_dmabuf_v1: Got format BG24 with modifier BLOCK_LINEAR_2D,HEIGHT=5,KIND=6,GEN=2,SECTOR=1,COMPRESSION=0
[1;32mDEBUG [0m]: zwp_linux_dmabuf_v1: Got format BG24 with modifier BLOCK_LINEAR_2D,HEIGHT=0,KIND=8,GEN=2,SECTOR=1,COMPRESSION=1
[1;32mDEBUG [0m]: zwp_linux_dmabuf_v1: Got format BG24 with modifier BLOCK_LINEAR_2D,HEIGHT=1,KIND=8,GEN=2,SECTOR=1,COMPRESSION=1
[1;32mDEBUG [0m]: zwp_linux_dmabuf_v1: Got format BG24 with modifier BLOCK_LINEAR_2D,HEIGHT=2,KIND=8,GEN=2,SECTOR=1,COMPRESSION=1
[1;32mDEBUG [0m]: zwp_linux_dmabuf_v1: Got format BG24 with modifier BLOCK_LINEAR_2D,HEIGHT=3,KIND=8,GEN=2,SECTOR=1,COMPRESSION=1
[1;32mDEBUG [0m]: zwp_linux_dmabuf_v1: Got format BG24 with modifier BLOCK_LINEAR_2D,HEIGHT=4,KIND=8,GEN=2,SECTOR=1,COMPRESSION=1
[1;32mDEBUG [0m]: zwp_linux_dmabuf_v1: Got format BG24 with modifier BLOCK_LINEAR_2D,HEIGHT=5,KIND=8,GEN=2,SECTOR=1,COMPRESSION=1
[1;32mDEBUG [0m]: zwp_linux_dmabuf_v1: Got format BG24 with modifier INVALID
[1;32mDEBUG [0m]: zwp_linux_dmabuf_v1: Got format AR30 with modifier BLOCK_LINEAR_2D,HEIGHT=0,KIND=6,GEN=2,SECTOR=1,COMPRESSION=0
[1;32mDEBUG [0m]: zwp_linux_dmabuf_v1: Got format AR30 with modifier BLOCK_LINEAR_2D,HEIGHT=1,KIND=6,GEN=2,SECTOR=1,COMPRESSION=0
[1;32mDEBUG [0m]: zwp_linux_dmabuf_v1: Got format AR30 with modifier BLOCK_LINEAR_2D,HEIGHT=2,KIND=6,GEN=2,SECTOR=1,COMPRESSION=0
[1;32mDEBUG [0m]: zwp_linux_dmabuf_v1: Got format AR30 with modifier BLOCK_LINEAR_2D,HEIGHT=3,KIND=6,GEN=2,SECTOR=1,COMPRESSION=0
[1;32mDEBUG [0m]: zwp_linux_dmabuf_v1: Got format AR30 with modifier BLOCK_LINEAR_2D,HEIGHT=4,KIND=6,GEN=2,SECTOR=1,COMPRESSION=0
[1;32mDEBUG [0m]: zwp_linux_dmabuf_v1: Got format AR30 with modifier BLOCK_LINEAR_2D,HEIGHT=5,KIND=6,GEN=2,SECTOR=1,COMPRESSION=0
[1;32mDEBUG [0m]: zwp_linux_dmabuf_v1: Got format AR30 with modifier BLOCK_LINEAR_2D,HEIGHT=0,KIND=8,GEN=2,SECTOR=1,COMPRESSION=1
[1;32mDEBUG [0m]: zwp_linux_dmabuf_v1: Got format AR30 with modifier BLOCK_LINEAR_2D,HEIGHT=1,KIND=8,GEN=2,SECTOR=1,COMPRESSION=1
[1;32mDEBUG [0m]: zwp_linux_dmabuf_v1: Got format AR30 with modifier BLOCK_LINEAR_2D,HEIGHT=2,KIND=8,GEN=2,SECTOR=1,COMPRESSION=1
[1;32mDEBUG [0m]: zwp_linux_dmabuf_v1: Got format AR30 with modifier BLOCK_LINEAR_2D,HEIGHT=3,KIND=8,GEN=2,SECTOR=1,COMPRESSION=1
[1;32mDEBUG [0m]: zwp_linux_dmabuf_v1: Got format AR30 with modifier BLOCK_LINEAR_2D,HEIGHT=4,KIND=8,GEN=2,SECTOR=1,COMPRESSION=1
[1;32mDEBUG [0m]: zwp_linux_dmabuf_v1: Got format AR30 with modifier BLOCK_LINEAR_2D,HEIGHT=5,KIND=8,GEN=2,SECTOR=1,COMPRESSION=1
[1;32mDEBUG [0m]: zwp_linux_dmabuf_v1: Got format AR30 with modifier INVALID
[1;32mDEBUG [0m]: zwp_linux_dmabuf_v1: Got format RX24 with modifier BLOCK_LINEAR_2D,HEIGHT=0,KIND=6,GEN=2,SECTOR=1,COMPRESSION=0
[1;32mDEBUG [0m]: zwp_linux_dmabuf_v1: Got format RX24 with modifier BLOCK_LINEAR_2D,HEIGHT=1,KIND=6,GEN=2,SECTOR=1,COMPRESSION=0
[1;32mDEBUG [0m]: zwp_linux_dmabuf_v1: Got format RX24 with modifier BLOCK_LINEAR_2D,HEIGHT=2,KIND=6,GEN=2,SECTOR=1,COMPRESSION=0
[1;32mDEBUG [0m]: zwp_linux_dmabuf_v1: Got format RX24 with modifier BLOCK_LINEAR_2D,HEIGHT=3,KIND=6,GEN=2,SECTOR=1,COMPRESSION=0
[1;32mDEBUG [0m]: zwp_linux_dmabuf_v1: Got format RX24 with modifier BLOCK_LINEAR_2D,HEIGHT=4,KIND=6,GEN=2,SECTOR=1,COMPRESSION=0
[1;32mDEBUG [0m]: zwp_linux_dmabuf_v1: Got format RX24 with modifier BLOCK_LINEAR_2D,HEIGHT=5,KIND=6,GEN=2,SECTOR=1,COMPRESSION=0
[1;32mDEBUG [0m]: zwp_linux_dmabuf_v1: Got format RX24 with modifier BLOCK_LINEAR_2D,HEIGHT=0,KIND=8,GEN=2,SECTOR=1,COMPRESSION=1
[1;32mDEBUG [0m]: zwp_linux_dmabuf_v1: Got format RX24 with modifier BLOCK_LINEAR_2D,HEIGHT=1,KIND=8,GEN=2,SECTOR=1,COMPRESSION=1
[1;32mDEBUG [0m]: zwp_linux_dmabuf_v1: Got format RX24 with modifier BLOCK_LINEAR_2D,HEIGHT=2,KIND=8,GEN=2,SECTOR=1,COMPRESSION=1
[1;32mDEBUG [0m]: zwp_linux_dmabuf_v1: Got format RX24 with modifier BLOCK_LINEAR_2D,HEIGHT=3,KIND=8,GEN=2,SECTOR=1,COMPRESSION=1
[1;32mDEBUG [0m]: zwp_linux_dmabuf_v1: Got format RX24 with modifier BLOCK_LINEAR_2D,HEIGHT=4,KIND=8,GEN=2,SECTOR=1,COMPRESSION=1
[1;32mDEBUG [0m]: zwp_linux_dmabuf_v1: Got format RX24 with modifier BLOCK_LINEAR_2D,HEIGHT=5,KIND=8,GEN=2,SECTOR=1,COMPRESSION=1
[1;32mDEBUG [0m]: zwp_linux_dmabuf_v1: Got format RX24 with modifier INVALID
[1;32mDEBUG [0m]: zwp_linux_dmabuf_v1: Got format BX24 with modifier BLOCK_LINEAR_2D,HEIGHT=0,KIND=6,GEN=2,SECTOR=1,COMPRESSION=0
[1;32mDEBUG [0m]: zwp_linux_dmabuf_v1: Got format BX24 with modifier BLOCK_LINEAR_2D,HEIGHT=1,KIND=6,GEN=2,SECTOR=1,COMPRESSION=0
[1;32mDEBUG [0m]: zwp_linux_dmabuf_v1: Got format BX24 with modifier BLOCK_LINEAR_2D,HEIGHT=2,KIND=6,GEN=2,SECTOR=1,COMPRESSION=0
[1;32mDEBUG [0m]: zwp_linux_dmabuf_v1: Got format BX24 with modifier BLOCK_LINEAR_2D,HEIGHT=3,KIND=6,GEN=2,SECTOR=1,COMPRESSION=0
[1;32mDEBUG [0m]: zwp_linux_dmabuf_v1: Got format BX24 with modifier BLOCK_LINEAR_2D,HEIGHT=4,KIND=6,GEN=2,SECTOR=1,COMPRESSION=0
[1;32mDEBUG [0m]: zwp_linux_dmabuf_v1: Got format BX24 with modifier BLOCK_LINEAR_2D,HEIGHT=5,KIND=6,GEN=2,SECTOR=1,COMPRESSION=0
[1;32mDEBUG [0m]: zwp_linux_dmabuf_v1: Got format BX24 with modifier BLOCK_LINEAR_2D,HEIGHT=0,KIND=8,GEN=2,SECTOR=1,COMPRESSION=1
[1;32mDEBUG [0m]: zwp_linux_dmabuf_v1: Got format BX24 with modifier BLOCK_LINEAR_2D,HEIGHT=1,KIND=8,GEN=2,SECTOR=1,COMPRESSION=1
[1;32mDEBUG [0m]: zwp_linux_dmabuf_v1: Got format BX24 with modifier BLOCK_LINEAR_2D,HEIGHT=2,KIND=8,GEN=2,SECTOR=1,COMPRESSION=1
[1;32mDEBUG [0m]: zwp_linux_dmabuf_v1: Got format BX24 with modifier BLOCK_LINEAR_2D,HEIGHT=3,KIND=8,GEN=2,SECTOR=1,COMPRESSION=1
[1;32mDEBUG [0m]: zwp_linux_dmabuf_v1: Got format BX24 with modifier BLOCK_LINEAR_2D,HEIGHT=4,KIND=8,GEN=2,SECTOR=1,COMPRESSION=1
[1;32mDEBUG [0m]: zwp_linux_dmabuf_v1: Got format BX24 with modifier BLOCK_LINEAR_2D,HEIGHT=5,KIND=8,GEN=2,SECTOR=1,COMPRESSION=1
[1;32mDEBUG [0m]: zwp_linux_dmabuf_v1: Got format BX24 with modifier INVALID
[1;32mDEBUG [0m]: zwp_linux_dmabuf_v1: Got format RA24 with modifier BLOCK_LINEAR_2D,HEIGHT=0,KIND=6,GEN=2,SECTOR=1,COMPRESSION=0
[1;32mDEBUG [0m]: zwp_linux_dmabuf_v1: Got format RA24 with modifier BLOCK_LINEAR_2D,HEIGHT=1,KIND=6,GEN=2,SECTOR=1,COMPRESSION=0
[1;32mDEBUG [0m]: zwp_linux_dmabuf_v1: Got format RA24 with modifier BLOCK_LINEAR_2D,HEIGHT=2,KIND=6,GEN=2,SECTOR=1,COMPRESSION=0
[1;32mDEBUG [0m]: zwp_linux_dmabuf_v1: Got format RA24 with modifier BLOCK_LINEAR_2D,HEIGHT=3,KIND=6,GEN=2,SECTOR=1,COMPRESSION=0
[1;32mDEBUG [0m]: zwp_linux_dmabuf_v1: Got format RA24 with modifier BLOCK_LINEAR_2D,HEIGHT=4,KIND=6,GEN=2,SECTOR=1,COMPRESSION=0
[1;32mDEBUG [0m]: zwp_linux_dmabuf_v1: Got format RA24 with modifier BLOCK_LINEAR_2D,HEIGHT=5,KIND=6,GEN=2,SECTOR=1,COMPRESSION=0
[1;32mDEBUG [0m]: zwp_linux_dmabuf_v1: Got format RA24 with modifier BLOCK_LINEAR_2D,HEIGHT=0,KIND=8,GEN=2,SECTOR=1,COMPRESSION=1
[1;32mDEBUG [0m]: zwp_linux_dmabuf_v1: Got format RA24 with modifier BLOCK_LINEAR_2D,HEIGHT=1,KIND=8,GEN=2,SECTOR=1,COMPRESSION=1
[1;32mDEBUG [0m]: zwp_linux_dmabuf_v1: Got format RA24 with modifier BLOCK_LINEAR_2D,HEIGHT=2,KIND=8,GEN=2,SECTOR=1,COMPRESSION=1
[1;32mDEBUG [0m]: zwp_linux_dmabuf_v1: Got format RA24 with modifier BLOCK_LINEAR_2D,HEIGHT=3,KIND=8,GEN=2,SECTOR=1,COMPRESSION=1
[1;32mDEBUG [0m]: zwp_linux_dmabuf_v1: Got format RA24 with modifier BLOCK_LINEAR_2D,HEIGHT=4,KIND=8,GEN=2,SECTOR=1,COMPRESSION=1
[1;32mDEBUG [0m]: zwp_linux_dmabuf_v1: Got format RA24 with modifier BLOCK_LINEAR_2D,HEIGHT=5,KIND=8,GEN=2,SECTOR=1,COMPRESSION=1
[1;32mDEBUG [0m]: zwp_linux_dmabuf_v1: Got format RA24 with modifier INVALID
[1;32mDEBUG [0m]: zwp_linux_dmabuf_v1: Got format BA24 with modifier BLOCK_LINEAR_2D,HEIGHT=0,KIND=6,GEN=2,SECTOR=1,COMPRESSION=0
[1;32mDEBUG [0m]: zwp_linux_dmabuf_v1: Got format BA24 with modifier BLOCK_LINEAR_2D,HEIGHT=1,KIND=6,GEN=2,SECTOR=1,COMPRESSION=0
[1;32mDEBUG [0m]: zwp_linux_dmabuf_v1: Got format BA24 with modifier BLOCK_LINEAR_2D,HEIGHT=2,KIND=6,GEN=2,SECTOR=1,COMPRESSION=0
[1;32mDEBUG [0m]: zwp_linux_dmabuf_v1: Got format BA24 with modifier BLOCK_LINEAR_2D,HEIGHT=3,KIND=6,GEN=2,SECTOR=1,COMPRESSION=0
[1;32mDEBUG [0m]: zwp_linux_dmabuf_v1: Got format BA24 with modifier BLOCK_LINEAR_2D,HEIGHT=4,KIND=6,GEN=2,SECTOR=1,COMPRESSION=0
[1;32mDEBUG [0m]: zwp_linux_dmabuf_v1: Got format BA24 with modifier BLOCK_LINEAR_2D,HEIGHT=5,KIND=6,GEN=2,SECTOR=1,COMPRESSION=0
[1;32mDEBUG [0m]: zwp_linux_dmabuf_v1: Got format BA24 with modifier BLOCK_LINEAR_2D,HEIGHT=0,KIND=8,GEN=2,SECTOR=1,COMPRESSION=1
[1;32mDEBUG [0m]: zwp_linux_dmabuf_v1: Got format BA24 with modifier BLOCK_LINEAR_2D,HEIGHT=1,KIND=8,GEN=2,SECTOR=1,COMPRESSION=1
[1;32mDEBUG [0m]: zwp_linux_dmabuf_v1: Got format BA24 with modifier BLOCK_LINEAR_2D,HEIGHT=2,KIND=8,GEN=2,SECTOR=1,COMPRESSION=1
[1;32mDEBUG [0m]: zwp_linux_dmabuf_v1: Got format BA24 with modifier BLOCK_LINEAR_2D,HEIGHT=3,KIND=8,GEN=2,SECTOR=1,COMPRESSION=1
[1;32mDEBUG [0m]: zwp_linux_dmabuf_v1: Got format BA24 with modifier BLOCK_LINEAR_2D,HEIGHT=4,KIND=8,GEN=2,SECTOR=1,COMPRESSION=1
[1;32mDEBUG [0m]: zwp_linux_dmabuf_v1: Got format BA24 with modifier BLOCK_LINEAR_2D,HEIGHT=5,KIND=8,GEN=2,SECTOR=1,COMPRESSION=1
[1;32mDEBUG [0m]: zwp_linux_dmabuf_v1: Got format BA24 with modifier INVALID
[1;32mDEBUG [0m]: zwp_linux_dmabuf_v1: Got format XR30 with modifier BLOCK_LINEAR_2D,HEIGHT=0,KIND=6,GEN=2,SECTOR=1,COMPRESSION=0
[1;32mDEBUG [0m]: zwp_linux_dmabuf_v1: Got format XR30 with modifier BLOCK_LINEAR_2D,HEIGHT=1,KIND=6,GEN=2,SECTOR=1,COMPRESSION=0
[1;32mDEBUG [0m]: zwp_linux_dmabuf_v1: Got format XR30 with modifier BLOCK_LINEAR_2D,HEIGHT=2,KIND=6,GEN=2,SECTOR=1,COMPRESSION=0
[1;32mDEBUG [0m]: zwp_linux_dmabuf_v1: Got format XR30 with modifier BLOCK_LINEAR_2D,HEIGHT=3,KIND=6,GEN=2,SECTOR=1,COMPRESSION=0
[1;32mDEBUG [0m]: zwp_linux_dmabuf_v1: Got format XR30 with modifier BLOCK_LINEAR_2D,HEIGHT=4,KIND=6,GEN=2,SECTOR=1,COMPRESSION=0
[1;32mDEBUG [0m]: zwp_linux_dmabuf_v1: Got format XR30 with modifier BLOCK_LINEAR_2D,HEIGHT=5,KIND=6,GEN=2,SECTOR=1,COMPRESSION=0
[1;32mDEBUG [0m]: zwp_linux_dmabuf_v1: Got format XR30 with modifier BLOCK_LINEAR_2D,HEIGHT=0,KIND=8,GEN=2,SECTOR=1,COMPRESSION=1
[1;32mDEBUG [0m]: zwp_linux_dmabuf_v1: Got format XR30 with modifier BLOCK_LINEAR_2D,HEIGHT=1,KIND=8,GEN=2,SECTOR=1,COMPRESSION=1
[1;32mDEBUG [0m]: zwp_linux_dmabuf_v1: Got format XR30 with modifier BLOCK_LINEAR_2D,HEIGHT=2,KIND=8,GEN=2,SECTOR=1,COMPRESSION=1
[1;32mDEBUG [0m]: zwp_linux_dmabuf_v1: Got format XR30 with modifier BLOCK_LINEAR_2D,HEIGHT=3,KIND=8,GEN=2,SECTOR=1,COMPRESSION=1
[1;32mDEBUG [0m]: zwp_linux_dmabuf_v1: Got format XR30 with modifier BLOCK_LINEAR_2D,HEIGHT=4,KIND=8,GEN=2,SECTOR=1,COMPRESSION=1
[1;32mDEBUG [0m]: zwp_linux_dmabuf_v1: Got format XR30 with modifier BLOCK_LINEAR_2D,HEIGHT=5,KIND=8,GEN=2,SECTOR=1,COMPRESSION=1
[1;32mDEBUG [0m]: zwp_linux_dmabuf_v1: Got format XR30 with modifier INVALID
[1;32mDEBUG [0m]: zwp_linux_dmabuf_v1: Got format XB30 with modifier BLOCK_LINEAR_2D,HEIGHT=0,KIND=6,GEN=2,SECTOR=1,COMPRESSION=0
[1;32mDEBUG [0m]: zwp_linux_dmabuf_v1: Got format XB30 with modifier BLOCK_LINEAR_2D,HEIGHT=1,KIND=6,GEN=2,SECTOR=1,COMPRESSION=0
[1;32mDEBUG [0m]: zwp_linux_dmabuf_v1: Got format XB30 with modifier BLOCK_LINEAR_2D,HEIGHT=2,KIND=6,GEN=2,SECTOR=1,COMPRESSION=0
[1;32mDEBUG [0m]: zwp_linux_dmabuf_v1: Got format XB30 with modifier BLOCK_LINEAR_2D,HEIGHT=3,KIND=6,GEN=2,SECTOR=1,COMPRESSION=0
[1;32mDEBUG [0m]: zwp_linux_dmabuf_v1: Got format XB30 with modifier BLOCK_LINEAR_2D,HEIGHT=4,KIND=6,GEN=2,SECTOR=1,COMPRESSION=0
[1;32mDEBUG [0m]: zwp_linux_dmabuf_v1: Got format XB30 with modifier BLOCK_LINEAR_2D,HEIGHT=5,KIND=6,GEN=2,SECTOR=1,COMPRESSION=0
[1;32mDEBUG [0m]: zwp_linux_dmabuf_v1: Got format XB30 with modifier BLOCK_LINEAR_2D,HEIGHT=0,KIND=8,GEN=2,SECTOR=1,COMPRESSION=1
[1;32mDEBUG [0m]: zwp_linux_dmabuf_v1: Got format XB30 with modifier BLOCK_LINEAR_2D,HEIGHT=1,KIND=8,GEN=2,SECTOR=1,COMPRESSION=1
[1;32mDEBUG [0m]: zwp_linux_dmabuf_v1: Got format XB30 with modifier BLOCK_LINEAR_2D,HEIGHT=2,KIND=8,GEN=2,SECTOR=1,COMPRESSION=1
[1;32mDEBUG [0m]: zwp_linux_dmabuf_v1: Got format XB30 with modifier BLOCK_LINEAR_2D,HEIGHT=3,KIND=8,GEN=2,SECTOR=1,COMPRESSION=1
[1;32mDEBUG [0m]: zwp_linux_dmabuf_v1: Got format XB30 with modifier BLOCK_LINEAR_2D,HEIGHT=4,KIND=8,GEN=2,SECTOR=1,COMPRESSION=1
[1;32mDEBUG [0m]: zwp_linux_dmabuf_v1: Got format XB30 with modifier BLOCK_LINEAR_2D,HEIGHT=5,KIND=8,GEN=2,SECTOR=1,COMPRESSION=1
[1;32mDEBUG [0m]: zwp_linux_dmabuf_v1: Got format XB30 with modifier INVALID
[1;32mDEBUG [0m]: zwp_linux_dmabuf_v1: Got format RX30 with modifier BLOCK_LINEAR_2D,HEIGHT=0,KIND=6,GEN=2,SECTOR=1,COMPRESSION=0
[1;32mDEBUG [0m]: zwp_linux_dmabuf_v1: Got format RX30 with modifier BLOCK_LINEAR_2D,HEIGHT=1,KIND=6,GEN=2,SECTOR=1,COMPRESSION=0
[1;32mDEBUG [0m]: zwp_linux_dmabuf_v1: Got format RX30 with modifier BLOCK_LINEAR_2D,HEIGHT=2,KIND=6,GEN=2,SECTOR=1,COMPRESSION=0
[1;32mDEBUG [0m]: zwp_linux_dmabuf_v1: Got format RX30 with modifier BLOCK_LINEAR_2D,HEIGHT=3,KIND=6,GEN=2,SECTOR=1,COMPRESSION=0
[1;32mDEBUG [0m]: zwp_linux_dmabuf_v1: Got format RX30 with modifier BLOCK_LINEAR_2D,HEIGHT=4,KIND=6,GEN=2,SECTOR=1,COMPRESSION=0
[1;32mDEBUG [0m]: zwp_linux_dmabuf_v1: Got format RX30 with modifier BLOCK_LINEAR_2D,HEIGHT=5,KIND=6,GEN=2,SECTOR=1,COMPRESSION=0
[1;32mDEBUG [0m]: zwp_linux_dmabuf_v1: Got format RX30 with modifier BLOCK_LINEAR_2D,HEIGHT=0,KIND=8,GEN=2,SECTOR=1,COMPRESSION=1
[1;32mDEBUG [0m]: zwp_linux_dmabuf_v1: Got format RX30 with modifier BLOCK_LINEAR_2D,HEIGHT=1,KIND=8,GEN=2,SECTOR=1,COMPRESSION=1
[1;32mDEBUG [0m]: zwp_linux_dmabuf_v1: Got format RX30 with modifier BLOCK_LINEAR_2D,HEIGHT=2,KIND=8,GEN=2,SECTOR=1,COMPRESSION=1
[1;32mDEBUG [0m]: zwp_linux_dmabuf_v1: Got format RX30 with modifier BLOCK_LINEAR_2D,HEIGHT=3,KIND=8,GEN=2,SECTOR=1,COMPRESSION=1
[1;32mDEBUG [0m]: zwp_linux_dmabuf_v1: Got format RX30 with modifier BLOCK_LINEAR_2D,HEIGHT=4,KIND=8,GEN=2,SECTOR=1,COMPRESSION=1
[1;32mDEBUG [0m]: zwp_linux_dmabuf_v1: Got format RX30 with modifier BLOCK_LINEAR_2D,HEIGHT=5,KIND=8,GEN=2,SECTOR=1,COMPRESSION=1
[1;32mDEBUG [0m]: zwp_linux_dmabuf_v1: Got format RX30 with modifier INVALID
[1;32mDEBUG [0m]: zwp_linux_dmabuf_v1: Got format BX30 with modifier BLOCK_LINEAR_2D,HEIGHT=0,KIND=6,GEN=2,SECTOR=1,COMPRESSION=0
[1;32mDEBUG [0m]: zwp_linux_dmabuf_v1: Got format BX30 with modifier BLOCK_LINEAR_2D,HEIGHT=1,KIND=6,GEN=2,SECTOR=1,COMPRESSION=0
[1;32mDEBUG [0m]: zwp_linux_dmabuf_v1: Got format BX30 with modifier BLOCK_LINEAR_2D,HEIGHT=2,KIND=6,GEN=2,SECTOR=1,COMPRESSION=0
[1;32mDEBUG [0m]: zwp_linux_dmabuf_v1: Got format BX30 with modifier BLOCK_LINEAR_2D,HEIGHT=3,KIND=6,GEN=2,SECTOR=1,COMPRESSION=0
[1;32mDEBUG [0m]: zwp_linux_dmabuf_v1: Got format BX30 with modifier BLOCK_LINEAR_2D,HEIGHT=4,KIND=6,GEN=2,SECTOR=1,COMPRESSION=0
[1;32mDEBUG [0m]: zwp_linux_dmabuf_v1: Got format BX30 with modifier BLOCK_LINEAR_2D,HEIGHT=5,KIND=6,GEN=2,SECTOR=1,COMPRESSION=0
[1;32mDEBUG [0m]: zwp_linux_dmabuf_v1: Got format BX30 with modifier BLOCK_LINEAR_2D,HEIGHT=0,KIND=8,GEN=2,SECTOR=1,COMPRESSION=1
[1;32mDEBUG [0m]: zwp_linux_dmabuf_v1: Got format BX30 with modifier BLOCK_LINEAR_2D,HEIGHT=1,KIND=8,GEN=2,SECTOR=1,COMPRESSION=1
[1;32mDEBUG [0m]: zwp_linux_dmabuf_v1: Got format BX30 with modifier BLOCK_LINEAR_2D,HEIGHT=2,KIND=8,GEN=2,SECTOR=1,COMPRESSION=1
[1;32mDEBUG [0m]: zwp_linux_dmabuf_v1: Got format BX30 with modifier BLOCK_LINEAR_2D,HEIGHT=3,KIND=8,GEN=2,SECTOR=1,COMPRESSION=1
[1;32mDEBUG [0m]: zwp_linux_dmabuf_v1: Got format BX30 with modifier BLOCK_LINEAR_2D,HEIGHT=4,KIND=8,GEN=2,SECTOR=1,COMPRESSION=1
[1;32mDEBUG [0m]: zwp_linux_dmabuf_v1: Got format BX30 with modifier BLOCK_LINEAR_2D,HEIGHT=5,KIND=8,GEN=2,SECTOR=1,COMPRESSION=1
[1;32mDEBUG [0m]: zwp_linux_dmabuf_v1: Got format BX30 with modifier INVALID
[1;32mDEBUG [0m]: zwp_linux_dmabuf_v1: Got format RA30 with modifier BLOCK_LINEAR_2D,HEIGHT=0,KIND=6,GEN=2,SECTOR=1,COMPRESSION=0
[1;32mDEBUG [0m]: zwp_linux_dmabuf_v1: Got format RA30 with modifier BLOCK_LINEAR_2D,HEIGHT=1,KIND=6,GEN=2,SECTOR=1,COMPRESSION=0
[1;32mDEBUG [0m]: zwp_linux_dmabuf_v1: Got format RA30 with modifier BLOCK_LINEAR_2D,HEIGHT=2,KIND=6,GEN=2,SECTOR=1,COMPRESSION=0
[1;32mDEBUG [0m]: zwp_linux_dmabuf_v1: Got format RA30 with modifier BLOCK_LINEAR_2D,HEIGHT=3,KIND=6,GEN=2,SECTOR=1,COMPRESSION=0
[1;32mDEBUG [0m]: zwp_linux_dmabuf_v1: Got format RA30 with modifier BLOCK_LINEAR_2D,HEIGHT=4,KIND=6,GEN=2,SECTOR=1,COMPRESSION=0
[1;32mDEBUG [0m]: zwp_linux_dmabuf_v1: Got format RA30 with modifier BLOCK_LINEAR_2D,HEIGHT=5,KIND=6,GEN=2,SECTOR=1,COMPRESSION=0
[1;32mDEBUG [0m]: zwp_linux_dmabuf_v1: Got format RA30 with modifier BLOCK_LINEAR_2D,HEIGHT=0,KIND=8,GEN=2,SECTOR=1,COMPRESSION=1
[1;32mDEBUG [0m]: zwp_linux_dmabuf_v1: Got format RA30 with modifier BLOCK_LINEAR_2D,HEIGHT=1,KIND=8,GEN=2,SECTOR=1,COMPRESSION=1
[1;32mDEBUG [0m]: zwp_linux_dmabuf_v1: Got format RA30 with modifier BLOCK_LINEAR_2D,HEIGHT=2,KIND=8,GEN=2,SECTOR=1,COMPRESSION=1
[1;32mDEBUG [0m]: zwp_linux_dmabuf_v1: Got format RA30 with modifier BLOCK_LINEAR_2D,HEIGHT=3,KIND=8,GEN=2,SECTOR=1,COMPRESSION=1
[1;32mDEBUG [0m]: zwp_linux_dmabuf_v1: Got format RA30 with modifier BLOCK_LINEAR_2D,HEIGHT=4,KIND=8,GEN=2,SECTOR=1,COMPRESSION=1
[1;32mDEBUG [0m]: zwp_linux_dmabuf_v1: Got format RA30 with modifier BLOCK_LINEAR_2D,HEIGHT=5,KIND=8,GEN=2,SECTOR=1,COMPRESSION=1
[1;32mDEBUG [0m]: zwp_linux_dmabuf_v1: Got format RA30 with modifier INVALID
[1;32mDEBUG [0m]: zwp_linux_dmabuf_v1: Got format BA30 with modifier BLOCK_LINEAR_2D,HEIGHT=0,KIND=6,GEN=2,SECTOR=1,COMPRESSION=0
[1;32mDEBUG [0m]: zwp_linux_dmabuf_v1: Got format BA30 with modifier BLOCK_LINEAR_2D,HEIGHT=1,KIND=6,GEN=2,SECTOR=1,COMPRESSION=0
[1;32mDEBUG [0m]: zwp_linux_dmabuf_v1: Got format BA30 with modifier BLOCK_LINEAR_2D,HEIGHT=2,KIND=6,GEN=2,SECTOR=1,COMPRESSION=0
[1;32mDEBUG [0m]: zwp_linux_dmabuf_v1: Got format BA30 with modifier BLOCK_LINEAR_2D,HEIGHT=3,KIND=6,GEN=2,SECTOR=1,COMPRESSION=0
[1;32mDEBUG [0m]: zwp_linux_dmabuf_v1: Got format BA30 with modifier BLOCK_LINEAR_2D,HEIGHT=4,KIND=6,GEN=2,SECTOR=1,COMPRESSION=0
[1;32mDEBUG [0m]: zwp_linux_dmabuf_v1: Got format BA30 with modifier BLOCK_LINEAR_2D,HEIGHT=5,KIND=6,GEN=2,SECTOR=1,COMPRESSION=0
[1;32mDEBUG [0m]: zwp_linux_dmabuf_v1: Got format BA30 with modifier BLOCK_LINEAR_2D,HEIGHT=0,KIND=8,GEN=2,SECTOR=1,COMPRESSION=1
[1;32mDEBUG [0m]: zwp_linux_dmabuf_v1: Got format BA30 with modifier BLOCK_LINEAR_2D,HEIGHT=1,KIND=8,GEN=2,SECTOR=1,COMPRESSION=1
[1;32mDEBUG [0m]: zwp_linux_dmabuf_v1: Got format BA30 with modifier BLOCK_LINEAR_2D,HEIGHT=2,KIND=8,GEN=2,SECTOR=1,COMPRESSION=1
[1;32mDEBUG [0m]: zwp_linux_dmabuf_v1: Got format BA30 with modifier BLOCK_LINEAR_2D,HEIGHT=3,KIND=8,GEN=2,SECTOR=1,COMPRESSION=1
[1;32mDEBUG [0m]: zwp_linux_dmabuf_v1: Got format BA30 with modifier BLOCK_LINEAR_2D,HEIGHT=4,KIND=8,GEN=2,SECTOR=1,COMPRESSION=1
[1;32mDEBUG [0m]: zwp_linux_dmabuf_v1: Got format BA30 with modifier BLOCK_LINEAR_2D,HEIGHT=5,KIND=8,GEN=2,SECTOR=1,COMPRESSION=1
[1;32mDEBUG [0m]: zwp_linux_dmabuf_v1: Got format BA30 with modifier INVALID
[1;32mDEBUG [0m]: zwp_linux_dmabuf_v1: Got format R101 with modifier BLOCK_LINEAR_2D,HEIGHT=0,KIND=6,GEN=2,SECTOR=1,COMPRESSION=0
[1;32mDEBUG [0m]: zwp_linux_dmabuf_v1: Got format R101 with modifier BLOCK_LINEAR_2D,HEIGHT=1,KIND=6,GEN=2,SECTOR=1,COMPRESSION=0
[1;32mDEBUG [0m]: zwp_linux_dmabuf_v1: Got format R101 with modifier BLOCK_LINEAR_2D,HEIGHT=2,KIND=6,GEN=2,SECTOR=1,COMPRESSION=0
[1;32mDEBUG [0m]: zwp_linux_dmabuf_v1: Got format R101 with modifier BLOCK_LINEAR_2D,HEIGHT=3,KIND=6,GEN=2,SECTOR=1,COMPRESSION=0
[1;32mDEBUG [0m]: zwp_linux_dmabuf_v1: Got format R101 with modifier BLOCK_LINEAR_2D,HEIGHT=4,KIND=6,GEN=2,SECTOR=1,COMPRESSION=0
[1;32mDEBUG [0m]: zwp_linux_dmabuf_v1: Got format R101 with modifier BLOCK_LINEAR_2D,HEIGHT=5,KIND=6,GEN=2,SECTOR=1,COMPRESSION=0
[1;32mDEBUG [0m]: zwp_linux_dmabuf_v1: Got format R101 with modifier BLOCK_LINEAR_2D,HEIGHT=0,KIND=8,GEN=2,SECTOR=1,COMPRESSION=1
[1;32mDEBUG [0m]: zwp_linux_dmabuf_v1: Got format R101 with modifier BLOCK_LINEAR_2D,HEIGHT=1,KIND=8,GEN=2,SECTOR=1,COMPRESSION=1
[1;32mDEBUG [0m]: zwp_linux_dmabuf_v1: Got format R101 with modifier BLOCK_LINEAR_2D,HEIGHT=2,KIND=8,GEN=2,SECTOR=1,COMPRESSION=1
[1;32mDEBUG [0m]: zwp_linux_dmabuf_v1: Got format R101 with modifier BLOCK_LINEAR_2D,HEIGHT=3,KIND=8,GEN=2,SECTOR=1,COMPRESSION=1
[1;32mDEBUG [0m]: zwp_linux_dmabuf_v1: Got format R101 with modifier BLOCK_LINEAR_2D,HEIGHT=4,KIND=8,GEN=2,SECTOR=1,COMPRESSION=1
[1;32mDEBUG [0m]: zwp_linux_dmabuf_v1: Got format R101 with modifier BLOCK_LINEAR_2D,HEIGHT=5,KIND=8,GEN=2,SECTOR=1,COMPRESSION=1
[1;32mDEBUG [0m]: zwp_linux_dmabuf_v1: Got format R101 with modifier INVALID
[1;32mDEBUG [0m]: zwp_linux_dmabuf_v1: Got format R100 with modifier BLOCK_LINEAR_2D,HEIGHT=0,KIND=6,GEN=2,SECTOR=1,COMPRESSION=0
[1;32mDEBUG [0m]: zwp_linux_dmabuf_v1: Got format R100 with modifier BLOCK_LINEAR_2D,HEIGHT=1,KIND=6,GEN=2,SECTOR=1,COMPRESSION=0
[1;32mDEBUG [0m]: zwp_linux_dmabuf_v1: Got format R100 with modifier BLOCK_LINEAR_2D,HEIGHT=2,KIND=6,GEN=2,SECTOR=1,COMPRESSION=0
[1;32mDEBUG [0m]: zwp_linux_dmabuf_v1: Got format R100 with modifier BLOCK_LINEAR_2D,HEIGHT=3,KIND=6,GEN=2,SECTOR=1,COMPRESSION=0
[1;32mDEBUG [0m]: zwp_linux_dmabuf_v1: Got format R100 with modifier BLOCK_LINEAR_2D,HEIGHT=4,KIND=6,GEN=2,SECTOR=1,COMPRESSION=0
[1;32mDEBUG [0m]: zwp_linux_dmabuf_v1: Got format R100 with modifier BLOCK_LINEAR_2D,HEIGHT=5,KIND=6,GEN=2,SECTOR=1,COMPRESSION=0
[1;32mDEBUG [0m]: zwp_linux_dmabuf_v1: Got format R100 with modifier BLOCK_LINEAR_2D,HEIGHT=0,KIND=8,GEN=2,SECTOR=1,COMPRESSION=1
[1;32mDEBUG [0m]: zwp_linux_dmabuf_v1: Got format R100 with modifier BLOCK_LINEAR_2D,HEIGHT=1,KIND=8,GEN=2,SECTOR=1,COMPRESSION=1
[1;32mDEBUG [0m]: zwp_linux_dmabuf_v1: Got format R100 with modifier BLOCK_LINEAR_2D,HEIGHT=2,KIND=8,GEN=2,SECTOR=1,COMPRESSION=1
[1;32mDEBUG [0m]: zwp_linux_dmabuf_v1: Got format R100 with modifier BLOCK_LINEAR_2D,HEIGHT=3,KIND=8,GEN=2,SECTOR=1,COMPRESSION=1
[1;32mDEBUG [0m]: zwp_linux_dmabuf_v1: Got format R100 with modifier BLOCK_LINEAR_2D,HEIGHT=4,KIND=8,GEN=2,SECTOR=1,COMPRESSION=1
[1;32mDEBUG [0m]: zwp_linux_dmabuf_v1: Got format R100 with modifier BLOCK_LINEAR_2D,HEIGHT=5,KIND=8,GEN=2,SECTOR=1,COMPRESSION=1
[1;32mDEBUG [0m]: zwp_linux_dmabuf_v1: Got format R100 with modifier INVALID
[1;32mDEBUG [0m]: zwp_linux_dmabuf_v1: Got format AB30 with modifier BLOCK_LINEAR_2D,HEIGHT=0,KIND=6,GEN=2,SECTOR=1,COMPRESSION=0
[1;32mDEBUG [0m]: zwp_linux_dmabuf_v1: Got format AB30 with modifier BLOCK_LINEAR_2D,HEIGHT=1,KIND=6,GEN=2,SECTOR=1,COMPRESSION=0
[1;32mDEBUG [0m]: zwp_linux_dmabuf_v1: Got format AB30 with modifier BLOCK_LINEAR_2D,HEIGHT=2,KIND=6,GEN=2,SECTOR=1,COMPRESSION=0
[1;32mDEBUG [0m]: zwp_linux_dmabuf_v1: Got format AB30 with modifier BLOCK_LINEAR_2D,HEIGHT=3,KIND=6,GEN=2,SECTOR=1,COMPRESSION=0
[1;32mDEBUG [0m]: zwp_linux_dmabuf_v1: Got format AB30 with modifier BLOCK_LINEAR_2D,HEIGHT=4,KIND=6,GEN=2,SECTOR=1,COMPRESSION=0
[1;32mDEBUG [0m]: zwp_linux_dmabuf_v1: Got format AB30 with modifier BLOCK_LINEAR_2D,HEIGHT=5,KIND=6,GEN=2,SECTOR=1,COMPRESSION=0
[1;32mDEBUG [0m]: zwp_linux_dmabuf_v1: Got format AB30 with modifier BLOCK_LINEAR_2D,HEIGHT=0,KIND=8,GEN=2,SECTOR=1,COMPRESSION=1
[1;32mDEBUG [0m]: zwp_linux_dmabuf_v1: Got format AB30 with modifier BLOCK_LINEAR_2D,HEIGHT=1,KIND=8,GEN=2,SECTOR=1,COMPRESSION=1
[1;32mDEBUG [0m]: zwp_linux_dmabuf_v1: Got format AB30 with modifier BLOCK_LINEAR_2D,HEIGHT=2,KIND=8,GEN=2,SECTOR=1,COMPRESSION=1
[1;32mDEBUG [0m]: zwp_linux_dmabuf_v1: Got format AB30 with modifier BLOCK_LINEAR_2D,HEIGHT=3,KIND=8,GEN=2,SECTOR=1,COMPRESSION=1
[1;32mDEBUG [0m]: zwp_linux_dmabuf_v1: Got format AB30 with modifier BLOCK_LINEAR_2D,HEIGHT=4,KIND=8,GEN=2,SECTOR=1,COMPRESSION=1
[1;32mDEBUG [0m]: zwp_linux_dmabuf_v1: Got format AB30 with modifier BLOCK_LINEAR_2D,HEIGHT=5,KIND=8,GEN=2,SECTOR=1,COMPRESSION=1
[1;32mDEBUG [0m]: zwp_linux_dmabuf_v1: Got format AB30 with modifier INVALID
[1;32mDEBUG [0m]: zwp_linux_dmabuf_v1: Got format B101 with modifier BLOCK_LINEAR_2D,HEIGHT=0,KIND=6,GEN=2,SECTOR=1,COMPRESSION=0
[1;32mDEBUG [0m]: zwp_linux_dmabuf_v1: Got format B101 with modifier BLOCK_LINEAR_2D,HEIGHT=1,KIND=6,GEN=2,SECTOR=1,COMPRESSION=0
[1;32mDEBUG [0m]: zwp_linux_dmabuf_v1: Got format B101 with modifier BLOCK_LINEAR_2D,HEIGHT=2,KIND=6,GEN=2,SECTOR=1,COMPRESSION=0
[1;32mDEBUG [0m]: zwp_linux_dmabuf_v1: Got format B101 with modifier BLOCK_LINEAR_2D,HEIGHT=3,KIND=6,GEN=2,SECTOR=1,COMPRESSION=0
[1;32mDEBUG [0m]: zwp_linux_dmabuf_v1: Got format B101 with modifier BLOCK_LINEAR_2D,HEIGHT=4,KIND=6,GEN=2,SECTOR=1,COMPRESSION=0
[1;32mDEBUG [0m]: zwp_linux_dmabuf_v1: Got format B101 with modifier BLOCK_LINEAR_2D,HEIGHT=5,KIND=6,GEN=2,SECTOR=1,COMPRESSION=0
[1;32mDEBUG [0m]: zwp_linux_dmabuf_v1: Got format B101 with modifier BLOCK_LINEAR_2D,HEIGHT=0,KIND=8,GEN=2,SECTOR=1,COMPRESSION=1
[1;32mDEBUG [0m]: zwp_linux_dmabuf_v1: Got format B101 with modifier BLOCK_LINEAR_2D,HEIGHT=1,KIND=8,GEN=2,SECTOR=1,COMPRESSION=1
[1;32mDEBUG [0m]: zwp_linux_dmabuf_v1: Got format B101 with modifier BLOCK_LINEAR_2D,HEIGHT=2,KIND=8,GEN=2,SECTOR=1,COMPRESSION=1
[1;32mDEBUG [0m]: zwp_linux_dmabuf_v1: Got format B101 with modifier BLOCK_LINEAR_2D,HEIGHT=3,KIND=8,GEN=2,SECTOR=1,COMPRESSION=1
[1;32mDEBUG [0m]: zwp_linux_dmabuf_v1: Got format B101 with modifier BLOCK_LINEAR_2D,HEIGHT=4,KIND=8,GEN=2,SECTOR=1,COMPRESSION=1
[1;32mDEBUG [0m]: zwp_linux_dmabuf_v1: Got format B101 with modifier BLOCK_LINEAR_2D,HEIGHT=5,KIND=8,GEN=2,SECTOR=1,COMPRESSION=1
[1;32mDEBUG [0m]: zwp_linux_dmabuf_v1: Got format B101 with modifier INVALID
[1;32mDEBUG [0m]: zwp_linux_dmabuf_v1: Got format B100 with modifier BLOCK_LINEAR_2D,HEIGHT=0,KIND=6,GEN=2,SECTOR=1,COMPRESSION=0
[1;32mDEBUG [0m]: zwp_linux_dmabuf_v1: Got format B100 with modifier BLOCK_LINEAR_2D,HEIGHT=1,KIND=6,GEN=2,SECTOR=1,COMPRESSION=0
[1;32mDEBUG [0m]: zwp_linux_dmabuf_v1: Got format B100 with modifier BLOCK_LINEAR_2D,HEIGHT=2,KIND=6,GEN=2,SECTOR=1,COMPRESSION=0
[1;32mDEBUG [0m]: zwp_linux_dmabuf_v1: Got format B100 with modifier BLOCK_LINEAR_2D,HEIGHT=3,KIND=6,GEN=2,SECTOR=1,COMPRESSION=0
[1;32mDEBUG [0m]: zwp_linux_dmabuf_v1: Got format B100 with modifier BLOCK_LINEAR_2D,HEIGHT=4,KIND=6,GEN=2,SECTOR=1,COMPRESSION=0
[1;32mDEBUG [0m]: zwp_linux_dmabuf_v1: Got format B100 with modifier BLOCK_LINEAR_2D,HEIGHT=5,KIND=6,GEN=2,SECTOR=1,COMPRESSION=0
[1;32mDEBUG [0m]: zwp_linux_dmabuf_v1: Got format B100 with modifier BLOCK_LINEAR_2D,HEIGHT=0,KIND=8,GEN=2,SECTOR=1,COMPRESSION=1
[1;32mDEBUG [0m]: zwp_linux_dmabuf_v1: Got format B100 with modifier BLOCK_LINEAR_2D,HEIGHT=1,KIND=8,GEN=2,SECTOR=1,COMPRESSION=1
[1;32mDEBUG [0m]: zwp_linux_dmabuf_v1: Got format B100 with modifier BLOCK_LINEAR_2D,HEIGHT=2,KIND=8,GEN=2,SECTOR=1,COMPRESSION=1
[1;32mDEBUG [0m]: zwp_linux_dmabuf_v1: Got format B100 with modifier BLOCK_LINEAR_2D,HEIGHT=3,KIND=8,GEN=2,SECTOR=1,COMPRESSION=1
[1;32mDEBUG [0m]: zwp_linux_dmabuf_v1: Got format B100 with modifier BLOCK_LINEAR_2D,HEIGHT=4,KIND=8,GEN=2,SECTOR=1,COMPRESSION=1
[1;32mDEBUG [0m]: zwp_linux_dmabuf_v1: Got format B100 with modifier BLOCK_LINEAR_2D,HEIGHT=5,KIND=8,GEN=2,SECTOR=1,COMPRESSION=1
[1;32mDEBUG [0m]: zwp_linux_dmabuf_v1: Got format B100 with modifier INVALID
[1;32mDEBUG [0m]: zwp_linux_dmabuf_v1: Got format YU12 with modifier INVALID
[1;32mDEBUG [0m]: zwp_linux_dmabuf_v1: Got format NV12 with modifier INVALID
[1;32mDEBUG [0m]: zwp_linux_dmabuf_v1: Got format NV21 with modifier INVALID
[1;32mDEBUG [0m]: zwp_linux_dmabuf_v1: Got format NV16 with modifier INVALID
[1;32mDEBUG [0m]: zwp_linux_dmabuf_v1: Got format NV24 with modifier INVALID
[1;32mDEBUG [0m]: zwp_linux_dmabuf_v1: Got format P010 with modifier INVALID
[1;32mDEBUG [0m]: zwp_linux_dmabuf_v1: Got format P210 with modifier INVALID
[1;32mDEBUG [0m]: zwp_linux_dmabuf_v1: Got format P012 with modifier INVALID
[1;32mDEBUG [0m]: zwp_linux_dmabuf_v1: Got format HD01 with modifier INVALID
[1;32mDEBUG [0m]: zwp_linux_dmabuf_v1: Got format UHD0 with modifier INVALID
[1;32mDEBUG [0m]: zwp_linux_dmabuf_v1: Got format AB48 with modifier BLOCK_LINEAR_2D,HEIGHT=5,KIND=6,GEN=2,SECTOR=1,COMPRESSION=0
[1;32mDEBUG [0m]: zwp_linux_dmabuf_v1: Got format AB48 with modifier BLOCK_LINEAR_2D,HEIGHT=4,KIND=6,GEN=2,SECTOR=1,COMPRESSION=0
[1;32mDEBUG [0m]: zwp_linux_dmabuf_v1: Got format AB48 with modifier BLOCK_LINEAR_2D,HEIGHT=3,KIND=6,GEN=2,SECTOR=1,COMPRESSION=0
[1;32mDEBUG [0m]: zwp_linux_dmabuf_v1: Got format AB48 with modifier BLOCK_LINEAR_2D,HEIGHT=2,KIND=6,GEN=2,SECTOR=1,COMPRESSION=0
[1;32mDEBUG [0m]: zwp_linux_dmabuf_v1: Got format AB48 with modifier BLOCK_LINEAR_2D,HEIGHT=1,KIND=6,GEN=2,SECTOR=1,COMPRESSION=0
[1;32mDEBUG [0m]: zwp_linux_dmabuf_v1: Got format AB48 with modifier BLOCK_LINEAR_2D,HEIGHT=0,KIND=6,GEN=2,SECTOR=1,COMPRESSION=0
[1;32mDEBUG [0m]: zwp_linux_dmabuf_v1: Got format YUYV with modifier BLOCK_LINEAR_2D,HEIGHT=5,KIND=6,GEN=2,SECTOR=1,COMPRESSION=0
[1;32mDEBUG [0m]: zwp_linux_dmabuf_v1: Got format YUYV with modifier BLOCK_LINEAR_2D,HEIGHT=4,KIND=6,GEN=2,SECTOR=1,COMPRESSION=0
[1;32mDEBUG [0m]: zwp_linux_dmabuf_v1: Got format YUYV with modifier BLOCK_LINEAR_2D,HEIGHT=3,KIND=6,GEN=2,SECTOR=1,COMPRESSION=0
[1;32mDEBUG [0m]: zwp_linux_dmabuf_v1: Got format YUYV with modifier BLOCK_LINEAR_2D,HEIGHT=2,KIND=6,GEN=2,SECTOR=1,COMPRESSION=0
[1;32mDEBUG [0m]: zwp_linux_dmabuf_v1: Got format YUYV with modifier BLOCK_LINEAR_2D,HEIGHT=1,KIND=6,GEN=2,SECTOR=1,COMPRESSION=0
[1;32mDEBUG [0m]: zwp_linux_dmabuf_v1: Got format YUYV with modifier BLOCK_LINEAR_2D,HEIGHT=0,KIND=6,GEN=2,SECTOR=1,COMPRESSION=0
[1;32mDEBUG [0m]: zwp_linux_dmabuf_v1: Got format UYVY with modifier BLOCK_LINEAR_2D,HEIGHT=5,KIND=6,GEN=2,SECTOR=1,COMPRESSION=0
[1;32mDEBUG [0m]: zwp_linux_dmabuf_v1: Got format UYVY with modifier BLOCK_LINEAR_2D,HEIGHT=4,KIND=6,GEN=2,SECTOR=1,COMPRESSION=0
[1;32mDEBUG [0m]: zwp_linux_dmabuf_v1: Got format UYVY with modifier BLOCK_LINEAR_2D,HEIGHT=3,KIND=6,GEN=2,SECTOR=1,COMPRESSION=0
[1;32mDEBUG [0m]: zwp_linux_dmabuf_v1: Got format UYVY with modifier BLOCK_LINEAR_2D,HEIGHT=2,KIND=6,GEN=2,SECTOR=1,COMPRESSION=0
[1;32mDEBUG [0m]: zwp_linux_dmabuf_v1: Got format UYVY with modifier BLOCK_LINEAR_2D,HEIGHT=1,KIND=6,GEN=2,SECTOR=1,COMPRESSION=0
[1;32mDEBUG [0m]: zwp_linux_dmabuf_v1: Got format UYVY with modifier BLOCK_LINEAR_2D,HEIGHT=0,KIND=6,GEN=2,SECTOR=1,COMPRESSION=0
[1;32mDEBUG [0m]: zwp_linux_dmabuf_v1: Got format NV42 with modifier BLOCK_LINEAR_2D,HEIGHT=5,KIND=6,GEN=2,SECTOR=1,COMPRESSION=0
[1;32mDEBUG [0m]: zwp_linux_dmabuf_v1: Got format NV42 with modifier BLOCK_LINEAR_2D,HEIGHT=4,KIND=6,GEN=2,SECTOR=1,COMPRESSION=0
[1;32mDEBUG [0m]: zwp_linux_dmabuf_v1: Got format NV42 with modifier BLOCK_LINEAR_2D,HEIGHT=3,KIND=6,GEN=2,SECTOR=1,COMPRESSION=0
[1;32mDEBUG [0m]: zwp_linux_dmabuf_v1: Got format NV42 with modifier BLOCK_LINEAR_2D,HEIGHT=2,KIND=6,GEN=2,SECTOR=1,COMPRESSION=0
[1;32mDEBUG [0m]: zwp_linux_dmabuf_v1: Got format NV42 with modifier BLOCK_LINEAR_2D,HEIGHT=1,KIND=6,GEN=2,SECTOR=1,COMPRESSION=0
[1;32mDEBUG [0m]: zwp_linux_dmabuf_v1: Got format NV42 with modifier BLOCK_LINEAR_2D,HEIGHT=0,KIND=6,GEN=2,SECTOR=1,COMPRESSION=0
[1;32mDEBUG [0m]: zwp_linux_dmabuf_v1: Got format NV24 with modifier BLOCK_LINEAR_2D,HEIGHT=5,KIND=6,GEN=2,SECTOR=1,COMPRESSION=0
[1;32mDEBUG [0m]: zwp_linux_dmabuf_v1: Got format NV24 with modifier BLOCK_LINEAR_2D,HEIGHT=4,KIND=6,GEN=2,SECTOR=1,COMPRESSION=0
[1;32mDEBUG [0m]: zwp_linux_dmabuf_v1: Got format NV24 with modifier BLOCK_LINEAR_2D,HEIGHT=3,KIND=6,GEN=2,SECTOR=1,COMPRESSION=0
[1;32mDEBUG [0m]: zwp_linux_dmabuf_v1: Got format NV24 with modifier BLOCK_LINEAR_2D,HEIGHT=2,KIND=6,GEN=2,SECTOR=1,COMPRESSION=0
[1;32mDEBUG [0m]: zwp_linux_dmabuf_v1: Got format NV24 with modifier BLOCK_LINEAR_2D,HEIGHT=1,KIND=6,GEN=2,SECTOR=1,COMPRESSION=0
[1;32mDEBUG [0m]: zwp_linux_dmabuf_v1: Got format NV24 with modifier BLOCK_LINEAR_2D,HEIGHT=0,KIND=6,GEN=2,SECTOR=1,COMPRESSION=0
[1;32mDEBUG [0m]: zwp_linux_dmabuf_v1: Got format NV61 with modifier BLOCK_LINEAR_2D,HEIGHT=5,KIND=6,GEN=2,SECTOR=1,COMPRESSION=0
[1;32mDEBUG [0m]: zwp_linux_dmabuf_v1: Got format NV61 with modifier BLOCK_LINEAR_2D,HEIGHT=4,KIND=6,GEN=2,SECTOR=1,COMPRESSION=0
[1;32mDEBUG [0m]: zwp_linux_dmabuf_v1: Got format NV61 with modifier BLOCK_LINEAR_2D,HEIGHT=3,KIND=6,GEN=2,SECTOR=1,COMPRESSION=0
[1;32mDEBUG [0m]: zwp_linux_dmabuf_v1: Got format NV61 with modifier BLOCK_LINEAR_2D,HEIGHT=2,KIND=6,GEN=2,SECTOR=1,COMPRESSION=0
[1;32mDEBUG [0m]: zwp_linux_dmabuf_v1: Got format NV61 with modifier BLOCK_LINEAR_2D,HEIGHT=1,KIND=6,GEN=2,SECTOR=1,COMPRESSION=0
[1;32mDEBUG [0m]: zwp_linux_dmabuf_v1: Got format NV61 with modifier BLOCK_LINEAR_2D,HEIGHT=0,KIND=6,GEN=2,SECTOR=1,COMPRESSION=0
[1;32mDEBUG [0m]: zwp_linux_dmabuf_v1: Got format NV16 with modifier BLOCK_LINEAR_2D,HEIGHT=5,KIND=6,GEN=2,SECTOR=1,COMPRESSION=0
[1;32mDEBUG [0m]: zwp_linux_dmabuf_v1: Got format NV16 with modifier BLOCK_LINEAR_2D,HEIGHT=4,KIND=6,GEN=2,SECTOR=1,COMPRESSION=0
[1;32mDEBUG [0m]: zwp_linux_dmabuf_v1: Got format NV16 with modifier BLOCK_LINEAR_2D,HEIGHT=3,KIND=6,GEN=2,SECTOR=1,COMPRESSION=0
[1;32mDEBUG [0m]: zwp_linux_dmabuf_v1: Got format NV16 with modifier BLOCK_LINEAR_2D,HEIGHT=2,KIND=6,GEN=2,SECTOR=1,COMPRESSION=0
[1;32mDEBUG [0m]: zwp_linux_dmabuf_v1: Got format NV16 with modifier BLOCK_LINEAR_2D,HEIGHT=1,KIND=6,GEN=2,SECTOR=1,COMPRESSION=0
[1;32mDEBUG [0m]: zwp_linux_dmabuf_v1: Got format NV16 with modifier BLOCK_LINEAR_2D,HEIGHT=0,KIND=6,GEN=2,SECTOR=1,COMPRESSION=0
[1;32mDEBUG [0m]: zwp_linux_dmabuf_v1: Got format NV21 with modifier BLOCK_LINEAR_2D,HEIGHT=5,KIND=6,GEN=2,SECTOR=1,COMPRESSION=0
[1;32mDEBUG [0m]: zwp_linux_dmabuf_v1: Got format NV21 with modifier BLOCK_LINEAR_2D,HEIGHT=4,KIND=6,GEN=2,SECTOR=1,COMPRESSION=0
[1;32mDEBUG [0m]: zwp_linux_dmabuf_v1: Got format NV21 with modifier BLOCK_LINEAR_2D,HEIGHT=3,KIND=6,GEN=2,SECTOR=1,COMPRESSION=0
[1;32mDEBUG [0m]: zwp_linux_dmabuf_v1: Got format NV21 with modifier BLOCK_LINEAR_2D,HEIGHT=2,KIND=6,GEN=2,SECTOR=1,COMPRESSION=0
[1;32mDEBUG [0m]: zwp_linux_dmabuf_v1: Got format NV21 with modifier BLOCK_LINEAR_2D,HEIGHT=1,KIND=6,GEN=2,SECTOR=1,COMPRESSION=0
[1;32mDEBUG [0m]: zwp_linux_dmabuf_v1: Got format NV21 with modifier BLOCK_LINEAR_2D,HEIGHT=0,KIND=6,GEN=2,SECTOR=1,COMPRESSION=0
[1;32mDEBUG [0m]: zwp_linux_dmabuf_v1: Got format NV12 with modifier BLOCK_LINEAR_2D,HEIGHT=5,KIND=6,GEN=2,SECTOR=1,COMPRESSION=0
[1;32mDEBUG [0m]: zwp_linux_dmabuf_v1: Got format NV12 with modifier BLOCK_LINEAR_2D,HEIGHT=4,KIND=6,GEN=2,SECTOR=1,COMPRESSION=0
[1;32mDEBUG [0m]: zwp_linux_dmabuf_v1: Got format NV12 with modifier BLOCK_LINEAR_2D,HEIGHT=3,KIND=6,GEN=2,SECTOR=1,COMPRESSION=0
[1;32mDEBUG [0m]: zwp_linux_dmabuf_v1: Got format NV12 with modifier BLOCK_LINEAR_2D,HEIGHT=2,KIND=6,GEN=2,SECTOR=1,COMPRESSION=0
[1;32mDEBUG [0m]: zwp_linux_dmabuf_v1: Got format NV12 with modifier BLOCK_LINEAR_2D,HEIGHT=1,KIND=6,GEN=2,SECTOR=1,COMPRESSION=0
[1;32mDEBUG [0m]: zwp_linux_dmabuf_v1: Got format NV12 with modifier BLOCK_LINEAR_2D,HEIGHT=0,KIND=6,GEN=2,SECTOR=1,COMPRESSION=0
[1;32mDEBUG [0m]: zwp_linux_dmabuf_v1: Got format P210 with modifier BLOCK_LINEAR_2D,HEIGHT=5,KIND=6,GEN=2,SECTOR=1,COMPRESSION=0
[1;32mDEBUG [0m]: zwp_linux_dmabuf_v1: Got format P210 with modifier BLOCK_LINEAR_2D,HEIGHT=4,KIND=6,GEN=2,SECTOR=1,COMPRESSION=0
[1;32mDEBUG [0m]: zwp_linux_dmabuf_v1: Got format P210 with modifier BLOCK_LINEAR_2D,HEIGHT=3,KIND=6,GEN=2,SECTOR=1,COMPRESSION=0
[1;32mDEBUG [0m]: zwp_linux_dmabuf_v1: Got format P210 with modifier BLOCK_LINEAR_2D,HEIGHT=2,KIND=6,GEN=2,SECTOR=1,COMPRESSION=0
[1;32mDEBUG [0m]: zwp_linux_dmabuf_v1: Got format P210 with modifier BLOCK_LINEAR_2D,HEIGHT=1,KIND=6,GEN=2,SECTOR=1,COMPRESSION=0
[1;32mDEBUG [0m]: zwp_linux_dmabuf_v1: Got format P210 with modifier BLOCK_LINEAR_2D,HEIGHT=0,KIND=6,GEN=2,SECTOR=1,COMPRESSION=0
[1;32mDEBUG [0m]: zwp_linux_dmabuf_v1: Got format P010 with modifier BLOCK_LINEAR_2D,HEIGHT=5,KIND=6,GEN=2,SECTOR=1,COMPRESSION=0
[1;32mDEBUG [0m]: zwp_linux_dmabuf_v1: Got format P010 with modifier BLOCK_LINEAR_2D,HEIGHT=4,KIND=6,GEN=2,SECTOR=1,COMPRESSION=0
[1;32mDEBUG [0m]: zwp_linux_dmabuf_v1: Got format P010 with modifier BLOCK_LINEAR_2D,HEIGHT=3,KIND=6,GEN=2,SECTOR=1,COMPRESSION=0
[1;32mDEBUG [0m]: zwp_linux_dmabuf_v1: Got format P010 with modifier BLOCK_LINEAR_2D,HEIGHT=2,KIND=6,GEN=2,SECTOR=1,COMPRESSION=0
[1;32mDEBUG [0m]: zwp_linux_dmabuf_v1: Got format P010 with modifier BLOCK_LINEAR_2D,HEIGHT=1,KIND=6,GEN=2,SECTOR=1,COMPRESSION=0
[1;32mDEBUG [0m]: zwp_linux_dmabuf_v1: Got format P010 with modifier BLOCK_LINEAR_2D,HEIGHT=0,KIND=6,GEN=2,SECTOR=1,COMPRESSION=0
[1;32mDEBUG [0m]: zwp_linux_dmabuf_v1: Got format P012 with modifier BLOCK_LINEAR_2D,HEIGHT=5,KIND=6,GEN=2,SECTOR=1,COMPRESSION=0
[1;32mDEBUG [0m]: zwp_linux_dmabuf_v1: Got format P012 with modifier BLOCK_LINEAR_2D,HEIGHT=4,KIND=6,GEN=2,SECTOR=1,COMPRESSION=0
[1;32mDEBUG [0m]: zwp_linux_dmabuf_v1: Got format P012 with modifier BLOCK_LINEAR_2D,HEIGHT=3,KIND=6,GEN=2,SECTOR=1,COMPRESSION=0
[1;32mDEBUG [0m]: zwp_linux_dmabuf_v1: Got format P012 with modifier BLOCK_LINEAR_2D,HEIGHT=2,KIND=6,GEN=2,SECTOR=1,COMPRESSION=0
[1;32mDEBUG [0m]: zwp_linux_dmabuf_v1: Got format P012 with modifier BLOCK_LINEAR_2D,HEIGHT=1,KIND=6,GEN=2,SEC